#
# There is insufficient memory for the Java Runtime Environment to continue.
# Native memory allocation (malloc) failed to allocate 1511680 bytes. Error detail: Chunk::new
# Possible reasons:
#   The system is out of physical RAM or swap space
#   This process is running with CompressedOops enabled, and the Java Heap may be blocking the growth of the native heap
# Possible solutions:
#   Reduce memory load on the system
#   Increase physical memory or swap space
#   Check if swap backing store is full
#   Decrease Java heap size (-Xmx/-Xms)
#   Decrease number of Java threads
#   Decrease Java thread stack sizes (-Xss)
#   Set larger code cache with -XX:ReservedCodeCacheSize=
#   JVM is running with Unscaled Compressed Oops mode in which the Java heap is
#     placed in the first 4GB address space. The Java Heap base address is the
#     maximum limit for the native heap growth. Please use -XX:HeapBaseMinAddress
#     to set the Java Heap base and to place the Java Heap above 4GB virtual address.
# This output file may be truncated or incomplete.
#
#  Out of Memory Error (arena.cpp:191), pid=17964, tid=14560
#
# JRE version: OpenJDK Runtime Environment Microsoft-10376486 (17.0.13+11) (build 17.0.13+11-LTS)
# Java VM: OpenJDK 64-Bit Server VM Microsoft-10376486 (17.0.13+11-LTS, mixed mode, sharing, tiered, compressed oops, compressed class ptrs, g1 gc, windows-amd64)
# No core dump will be written. Minidumps are not enabled by default on client versions of Windows
#

---------------  S U M M A R Y ------------

Command Line: -XX:MaxMetaspaceSize=512m --add-opens=java.base/java.util=ALL-UNNAMED --add-opens=java.base/java.lang=ALL-UNNAMED --add-opens=java.base/java.lang.invoke=ALL-UNNAMED --add-opens=java.prefs/java.util.prefs=ALL-UNNAMED --add-exports=jdk.compiler/com.sun.tools.javac.api=ALL-UNNAMED --add-exports=jdk.compiler/com.sun.tools.javac.util=ALL-UNNAMED --add-opens=java.base/java.nio.charset=ALL-UNNAMED --add-opens=java.base/java.net=ALL-UNNAMED --add-opens=java.base/java.util.concurrent.atomic=ALL-UNNAMED -Xmx2048m -Dfile.encoding=windows-1251 -Duser.country=US -Duser.language=en -Duser.variant -javaagent:C:\Users\Bullet\.gradle\wrapper\dists\gradle-8.10.2-all\7iv73wktx1xtkvlq19urqw1wm\gradle-8.10.2\lib\agents\gradle-instrumentation-agent-8.10.2.jar org.gradle.launcher.daemon.bootstrap.GradleDaemon 8.10.2

Host: Intel(R) Core(TM) i5-8300H CPU @ 2.30GHz, 8 cores, 15G,  Windows 11 , 64 bit Build 26100 (10.0.26100.3037)
Time: Thu Feb 20 14:58:47 2025 FLE Standard Time elapsed time: 32.426279 seconds (0d 0h 0m 32s)

---------------  T H R E A D  ---------------

Current thread (0x0000027ba98cd190):  JavaThread "C2 CompilerThread0" daemon [_thread_in_native, id=14560, stack(0x000000fa87300000,0x000000fa87400000)]


Current CompileTask:
C2:  32426 11050       4       org.gradle.internal.snapshot.AbstractListChildMap::store (72 bytes)

Stack: [0x000000fa87300000,0x000000fa87400000]
Native frames: (J=compiled Java code, j=interpreted, Vv=VM code, C=native code)
V  [jvm.dll+0x687fc9]
V  [jvm.dll+0x83eeb8]
V  [jvm.dll+0x840963]
V  [jvm.dll+0x840fd3]
V  [jvm.dll+0x24951f]
V  [jvm.dll+0xad0c4]
V  [jvm.dll+0xad75c]
V  [jvm.dll+0x36aafe]
V  [jvm.dll+0x1bcf75]
V  [jvm.dll+0x21a8bc]
V  [jvm.dll+0x219b7f]
V  [jvm.dll+0x1a5506]
V  [jvm.dll+0x22a1ca]
V  [jvm.dll+0x22830b]
V  [jvm.dll+0x7f4708]
V  [jvm.dll+0x7eea6c]
V  [jvm.dll+0x686ea7]
C  [ucrtbase.dll+0x37b0]
C  [KERNEL32.DLL+0x2e8d7]
C  [ntdll.dll+0xbbf2c]


---------------  P R O C E S S  ---------------

Threads class SMR info:
_java_thread_list=0x0000027bcc231ee0, length=138, elements={
0x0000027b8b3c4490, 0x0000027ba98a5850, 0x0000027ba98a6730, 0x0000027ba98bc5f0,
0x0000027ba98bcec0, 0x0000027ba98be7a0, 0x0000027ba98bf070, 0x0000027ba98cd190,
0x0000027ba98d1ab0, 0x0000027ba98d63e0, 0x0000027ba9893ac0, 0x0000027ba9acf730,
0x0000027bcaa6d3e0, 0x0000027ba9b93c50, 0x0000027bcaa9e460, 0x0000027bcab82fb0,
0x0000027bcaa52580, 0x0000027bc9595ef0, 0x0000027bc95945a0, 0x0000027bc9594ab0,
0x0000027bc95954d0, 0x0000027bc9594fc0, 0x0000027bc95959e0, 0x0000027bcb011a60,
0x0000027bcb012990, 0x0000027bcb010110, 0x0000027bcb011f70, 0x0000027bcb012ea0,
0x0000027bcb012480, 0x0000027bcb0133b0, 0x0000027bcb00fc00, 0x0000027bcb010620,
0x0000027bcb010b30, 0x0000027bcb013dd0, 0x0000027bcb0142e0, 0x0000027bcb0147f0,
0x0000027bcb015210, 0x0000027bcb016650, 0x0000027bcb015720, 0x0000027bcb016b60,
0x0000027bcb017070, 0x0000027bcbf47480, 0x0000027bcbf48dd0, 0x0000027bcbf47990,
0x0000027bcbf47ea0, 0x0000027bcbf4a210, 0x0000027bcbf483b0, 0x0000027bcbf488c0,
0x0000027bcbf46a60, 0x0000027bcbf492e0, 0x0000027bcbf4a720, 0x0000027bcbf46f70,
0x0000027bcbf4ac30, 0x0000027bcbf4c580, 0x0000027bcbf4cfa0, 0x0000027bcbf4ca90,
0x0000027bcbf4c070, 0x0000027bcbf49d00, 0x0000027bcbf497f0, 0x0000027bcbf4b140,
0x0000027bcbf4b650, 0x0000027bcbf4e3e0, 0x0000027bcbf4d4b0, 0x0000027bcbf4ded0,
0x0000027bcdcd10c0, 0x0000027bcdcd2a10, 0x0000027bcdcd1ff0, 0x0000027bcdcd0bb0,
0x0000027bcdcd06a0, 0x0000027bcdcd4360, 0x0000027bcdcd4870, 0x0000027bcdcd4d80,
0x0000027bcdcd2f20, 0x0000027bcdcd3430, 0x0000027bcdcd3940, 0x0000027bcdcd5290,
0x0000027bcdcd1ae0, 0x0000027bcdcd57a0, 0x0000027bcdcd6be0, 0x0000027bcdcd5cb0,
0x0000027bcdcd2500, 0x0000027bcdcd66d0, 0x0000027bcdcd61c0, 0x0000027bcdcd70f0,
0x0000027bcdcd7600, 0x0000027bcdcd7b10, 0x0000027bcdcd8020, 0x0000027bce3ddf80,
0x0000027bce3deeb0, 0x0000027bce3e02f0, 0x0000027bce3e0800, 0x0000027bce3de490,
0x0000027bce3de9a0, 0x0000027bce3df3c0, 0x0000027bce3df8d0, 0x0000027bce3dfde0,
0x0000027bce3dda70, 0x0000027bce3dd050, 0x0000027bce3e0d10, 0x0000027bce3dd560,
0x0000027bce3e2660, 0x0000027bce3e3fb0, 0x0000027bce3e2b70, 0x0000027bce3e44c0,
0x0000027bce3e1220, 0x0000027bce3e3080, 0x0000027bce3e3590, 0x0000027bce3e1c40,
0x0000027bce3e2150, 0x0000027bce3e3aa0, 0x0000027bce3e49d0, 0x0000027bce3e1730,
0x0000027bcc882bb0, 0x0000027bcc8826a0, 0x0000027bcc881770, 0x0000027bcc8835d0,
0x0000027bcc8830c0, 0x0000027bcc882190, 0x0000027bcc881c80, 0x0000027bcc880d50,
0x0000027bcc883ae0, 0x0000027bcc880330, 0x0000027bcc883ff0, 0x0000027bcc880840,
0x0000027bcc884500, 0x0000027bcc884a10, 0x0000027bcc881260, 0x0000027bcc885e50,
0x0000027bcc884f20, 0x0000027bcc885430, 0x0000027bcc886d80, 0x0000027bcd858650,
0x0000027bcc885940, 0x0000027bcd817ce0, 0x0000027bcc886360, 0x0000027bcc886870,
0x0000027bcc8877a0, 0x0000027bce4b3e30
}

Java Threads: ( => current thread )
  0x0000027b8b3c4490 JavaThread "main" [_thread_blocked, id=8832, stack(0x000000fa86600000,0x000000fa86700000)]
  0x0000027ba98a5850 JavaThread "Reference Handler" daemon [_thread_blocked, id=15328, stack(0x000000fa86d00000,0x000000fa86e00000)]
  0x0000027ba98a6730 JavaThread "Finalizer" daemon [_thread_blocked, id=15568, stack(0x000000fa86e00000,0x000000fa86f00000)]
  0x0000027ba98bc5f0 JavaThread "Signal Dispatcher" daemon [_thread_blocked, id=9680, stack(0x000000fa86f00000,0x000000fa87000000)]
  0x0000027ba98bcec0 JavaThread "Attach Listener" daemon [_thread_blocked, id=19872, stack(0x000000fa87000000,0x000000fa87100000)]
  0x0000027ba98be7a0 JavaThread "Service Thread" daemon [_thread_blocked, id=2516, stack(0x000000fa87100000,0x000000fa87200000)]
  0x0000027ba98bf070 JavaThread "Monitor Deflation Thread" daemon [_thread_blocked, id=16208, stack(0x000000fa87200000,0x000000fa87300000)]
=>0x0000027ba98cd190 JavaThread "C2 CompilerThread0" daemon [_thread_in_native, id=14560, stack(0x000000fa87300000,0x000000fa87400000)]
  0x0000027ba98d1ab0 JavaThread "C1 CompilerThread0" daemon [_thread_blocked, id=20888, stack(0x000000fa87400000,0x000000fa87500000)]
  0x0000027ba98d63e0 JavaThread "Sweeper thread" daemon [_thread_blocked, id=10736, stack(0x000000fa87500000,0x000000fa87600000)]
  0x0000027ba9893ac0 JavaThread "Common-Cleaner" daemon [_thread_blocked, id=20276, stack(0x000000fa87600000,0x000000fa87700000)]
  0x0000027ba9acf730 JavaThread "Notification Thread" daemon [_thread_blocked, id=11492, stack(0x000000fa87700000,0x000000fa87800000)]
  0x0000027bcaa6d3e0 JavaThread "Daemon health stats" [_thread_blocked, id=9900, stack(0x000000fa87a00000,0x000000fa87b00000)]
  0x0000027ba9b93c50 JavaThread "Incoming local TCP Connector on port 53728" [_thread_in_native, id=19132, stack(0x000000fa87900000,0x000000fa87a00000)]
  0x0000027bcaa9e460 JavaThread "Daemon periodic checks" [_thread_blocked, id=2108, stack(0x000000fa88000000,0x000000fa88100000)]
  0x0000027bcab82fb0 JavaThread "Daemon" [_thread_blocked, id=15920, stack(0x000000fa88100000,0x000000fa88200000)]
  0x0000027bcaa52580 JavaThread "Handler for socket connection from /127.0.0.1:53728 to /127.0.0.1:53729" [_thread_in_native, id=620, stack(0x000000fa88200000,0x000000fa88300000)]
  0x0000027bc9595ef0 JavaThread "Cancel handler" [_thread_blocked, id=10840, stack(0x000000fa88300000,0x000000fa88400000)]
  0x0000027bc95945a0 JavaThread "Daemon worker" [_thread_blocked, id=13912, stack(0x000000fa88400000,0x000000fa88500000)]
  0x0000027bc9594ab0 JavaThread "Asynchronous log dispatcher for DefaultDaemonConnection: socket connection from /127.0.0.1:53728 to /127.0.0.1:53729" [_thread_blocked, id=17500, stack(0x000000fa88500000,0x000000fa88600000)]
  0x0000027bc95954d0 JavaThread "Stdin handler" [_thread_blocked, id=15368, stack(0x000000fa88600000,0x000000fa88700000)]
  0x0000027bc9594fc0 JavaThread "Daemon client event forwarder" [_thread_blocked, id=8856, stack(0x000000fa88700000,0x000000fa88800000)]
  0x0000027bc95959e0 JavaThread "Cache worker for journal cache (C:\Users\Bullet\.gradle\caches\journal-1)" [_thread_blocked, id=14176, stack(0x000000fa88800000,0x000000fa88900000)]
  0x0000027bcb011a60 JavaThread "File lock request listener" [_thread_in_native, id=9544, stack(0x000000fa88900000,0x000000fa88a00000)]
  0x0000027bcb012990 JavaThread "Cache worker for file hash cache (C:\Users\Bullet\.gradle\caches\8.10.2\fileHashes)" [_thread_blocked, id=17128, stack(0x000000fa88a00000,0x000000fa88b00000)]
  0x0000027bcb010110 JavaThread "Cache worker for file hash cache (D:\JS_TS_Node\MY_PROJECTS\travel_trips\travel-mobile\android\.gradle\8.10.2\fileHashes)" [_thread_blocked, id=17300, stack(0x000000fa88c00000,0x000000fa88d00000)]
  0x0000027bcb011f70 JavaThread "Cache worker for Build Output Cleanup Cache (D:\JS_TS_Node\MY_PROJECTS\travel_trips\travel-mobile\android\.gradle\buildOutputCleanup)" [_thread_blocked, id=21148, stack(0x000000fa88d00000,0x000000fa88e00000)]
  0x0000027bcb012ea0 JavaThread "File watcher server" daemon [_thread_in_native, id=9496, stack(0x000000fa89100000,0x000000fa89200000)]
  0x0000027bcb012480 JavaThread "File watcher consumer" daemon [_thread_blocked, id=21232, stack(0x000000fa89200000,0x000000fa89300000)]
  0x0000027bcb0133b0 JavaThread "Cache worker for checksums cache (D:\JS_TS_Node\MY_PROJECTS\travel_trips\travel-mobile\android\.gradle\8.10.2\checksums)" [_thread_blocked, id=16352, stack(0x000000fa89400000,0x000000fa89500000)]
  0x0000027bcb00fc00 JavaThread "Cache worker for file content cache (C:\Users\Bullet\.gradle\caches\8.10.2\fileContent)" [_thread_blocked, id=6800, stack(0x000000fa89500000,0x000000fa89600000)]
  0x0000027bcb010620 JavaThread "Cache worker for cache directory md-rule (C:\Users\Bullet\.gradle\caches\8.10.2\md-rule)" [_thread_blocked, id=20164, stack(0x000000fa89600000,0x000000fa89700000)]
  0x0000027bcb010b30 JavaThread "Cache worker for cache directory md-supplier (C:\Users\Bullet\.gradle\caches\8.10.2\md-supplier)" [_thread_blocked, id=17200, stack(0x000000fa89300000,0x000000fa89400000)]
  0x0000027bcb013dd0 JavaThread "jar transforms" [_thread_blocked, id=6684, stack(0x000000fa89800000,0x000000fa89900000)]
  0x0000027bcb0142e0 JavaThread "Cache worker for Build Output Cleanup Cache (D:\JS_TS_Node\MY_PROJECTS\travel_trips\travel-mobile\node_modules\@react-native\gradle-plugin\.gradle\buildOutputCleanup)" [_thread_blocked, id=20824, stack(0x000000fa89700000,0x000000fa89800000)]
  0x0000027bcb0147f0 JavaThread "Unconstrained build operations" [_thread_blocked, id=7692, stack(0x000000fa89900000,0x000000fa89a00000)]
  0x0000027bcb015210 JavaThread "Unconstrained build operations Thread 2" [_thread_blocked, id=15900, stack(0x000000fa89a00000,0x000000fa89b00000)]
  0x0000027bcb016650 JavaThread "Unconstrained build operations Thread 3" [_thread_blocked, id=18520, stack(0x000000fa89b00000,0x000000fa89c00000)]
  0x0000027bcb015720 JavaThread "Unconstrained build operations Thread 4" [_thread_blocked, id=5016, stack(0x000000fa89c00000,0x000000fa89d00000)]
  0x0000027bcb016b60 JavaThread "Unconstrained build operations Thread 5" [_thread_blocked, id=12128, stack(0x000000fa89d00000,0x000000fa89e00000)]
  0x0000027bcb017070 JavaThread "Unconstrained build operations Thread 6" [_thread_blocked, id=5780, stack(0x000000fa89e00000,0x000000fa89f00000)]
  0x0000027bcbf47480 JavaThread "Unconstrained build operations Thread 7" [_thread_blocked, id=14968, stack(0x000000fa89f00000,0x000000fa8a000000)]
  0x0000027bcbf48dd0 JavaThread "Unconstrained build operations Thread 8" [_thread_blocked, id=17836, stack(0x000000fa8a000000,0x000000fa8a100000)]
  0x0000027bcbf47990 JavaThread "Unconstrained build operations Thread 9" [_thread_blocked, id=19056, stack(0x000000fa8a100000,0x000000fa8a200000)]
  0x0000027bcbf47ea0 JavaThread "Unconstrained build operations Thread 10" [_thread_blocked, id=16196, stack(0x000000fa8a200000,0x000000fa8a300000)]
  0x0000027bcbf4a210 JavaThread "Unconstrained build operations Thread 11" [_thread_blocked, id=3136, stack(0x000000fa8a300000,0x000000fa8a400000)]
  0x0000027bcbf483b0 JavaThread "Unconstrained build operations Thread 12" [_thread_blocked, id=11932, stack(0x000000fa8a400000,0x000000fa8a500000)]
  0x0000027bcbf488c0 JavaThread "Unconstrained build operations Thread 13" [_thread_blocked, id=18640, stack(0x000000fa8a500000,0x000000fa8a600000)]
  0x0000027bcbf46a60 JavaThread "Unconstrained build operations Thread 14" [_thread_blocked, id=3152, stack(0x000000fa88b00000,0x000000fa88c00000)]
  0x0000027bcbf492e0 JavaThread "Unconstrained build operations Thread 15" [_thread_blocked, id=10084, stack(0x000000fa8a600000,0x000000fa8a700000)]
  0x0000027bcbf4a720 JavaThread "Unconstrained build operations Thread 16" [_thread_blocked, id=20132, stack(0x000000fa8a700000,0x000000fa8a800000)]
  0x0000027bcbf46f70 JavaThread "Unconstrained build operations Thread 17" [_thread_blocked, id=16232, stack(0x000000fa8a800000,0x000000fa8a900000)]
  0x0000027bcbf4ac30 JavaThread "Unconstrained build operations Thread 18" [_thread_blocked, id=2892, stack(0x000000fa8a900000,0x000000fa8aa00000)]
  0x0000027bcbf4c580 JavaThread "Unconstrained build operations Thread 19" [_thread_blocked, id=7852, stack(0x000000fa8aa00000,0x000000fa8ab00000)]
  0x0000027bcbf4cfa0 JavaThread "Unconstrained build operations Thread 20" [_thread_blocked, id=17184, stack(0x000000fa8ab00000,0x000000fa8ac00000)]
  0x0000027bcbf4ca90 JavaThread "Unconstrained build operations Thread 21" [_thread_blocked, id=16540, stack(0x000000fa8ac00000,0x000000fa8ad00000)]
  0x0000027bcbf4c070 JavaThread "Unconstrained build operations Thread 22" [_thread_blocked, id=16036, stack(0x000000fa8ad00000,0x000000fa8ae00000)]
  0x0000027bcbf49d00 JavaThread "Unconstrained build operations Thread 23" [_thread_blocked, id=16812, stack(0x000000fa8ae00000,0x000000fa8af00000)]
  0x0000027bcbf497f0 JavaThread "Unconstrained build operations Thread 24" [_thread_blocked, id=15184, stack(0x000000fa8af00000,0x000000fa8b000000)]
  0x0000027bcbf4b140 JavaThread "Unconstrained build operations Thread 25" [_thread_blocked, id=20608, stack(0x000000fa8b000000,0x000000fa8b100000)]
  0x0000027bcbf4b650 JavaThread "Unconstrained build operations Thread 26" [_thread_blocked, id=19448, stack(0x000000fa8b100000,0x000000fa8b200000)]
  0x0000027bcbf4e3e0 JavaThread "Unconstrained build operations Thread 27" [_thread_blocked, id=19724, stack(0x000000fa8b200000,0x000000fa8b300000)]
  0x0000027bcbf4d4b0 JavaThread "build event listener" [_thread_blocked, id=21348, stack(0x000000fa8b400000,0x000000fa8b500000)]
  0x0000027bcbf4ded0 JavaThread "Memory manager" [_thread_blocked, id=6512, stack(0x000000fa8b300000,0x000000fa8b400000)]
  0x0000027bcdcd10c0 JavaThread "ForkJoinPool.commonPool-worker-1" daemon [_thread_blocked, id=6068, stack(0x000000fa8b600000,0x000000fa8b700000)]
  0x0000027bcdcd2a10 JavaThread "ForkJoinPool.commonPool-worker-2" daemon [_thread_blocked, id=21056, stack(0x000000fa8b700000,0x000000fa8b800000)]
  0x0000027bcdcd1ff0 JavaThread "ForkJoinPool.commonPool-worker-3" daemon [_thread_blocked, id=17948, stack(0x000000fa8b800000,0x000000fa8b900000)]
  0x0000027bcdcd0bb0 JavaThread "ForkJoinPool.commonPool-worker-4" daemon [_thread_blocked, id=20688, stack(0x000000fa8b900000,0x000000fa8ba00000)]
  0x0000027bcdcd06a0 JavaThread "ForkJoinPool.commonPool-worker-5" daemon [_thread_blocked, id=816, stack(0x000000fa8ba00000,0x000000fa8bb00000)]
  0x0000027bcdcd4360 JavaThread "ForkJoinPool.commonPool-worker-6" daemon [_thread_blocked, id=18688, stack(0x000000fa8bb00000,0x000000fa8bc00000)]
  0x0000027bcdcd4870 JavaThread "ForkJoinPool.commonPool-worker-7" daemon [_thread_blocked, id=14112, stack(0x000000fa8bc00000,0x000000fa8bd00000)]
  0x0000027bcdcd4d80 JavaThread "included builds" [_thread_blocked, id=6960, stack(0x000000fa8bd00000,0x000000fa8be00000)]
  0x0000027bcdcd2f20 JavaThread "Execution worker" [_thread_blocked, id=18468, stack(0x000000fa8be00000,0x000000fa8bf00000)]
  0x0000027bcdcd3430 JavaThread "Execution worker Thread 2" [_thread_blocked, id=12924, stack(0x000000fa8bf00000,0x000000fa8c000000)]
  0x0000027bcdcd3940 JavaThread "Execution worker Thread 3" [_thread_blocked, id=6732, stack(0x000000fa8c000000,0x000000fa8c100000)]
  0x0000027bcdcd5290 JavaThread "Execution worker Thread 4" [_thread_blocked, id=20284, stack(0x000000fa8c100000,0x000000fa8c200000)]
  0x0000027bcdcd1ae0 JavaThread "Execution worker Thread 5" [_thread_blocked, id=18004, stack(0x000000fa8c200000,0x000000fa8c300000)]
  0x0000027bcdcd57a0 JavaThread "Execution worker Thread 6" [_thread_blocked, id=19192, stack(0x000000fa8c300000,0x000000fa8c400000)]
  0x0000027bcdcd6be0 JavaThread "Execution worker Thread 7" [_thread_blocked, id=20656, stack(0x000000fa8c400000,0x000000fa8c500000)]
  0x0000027bcdcd5cb0 JavaThread "Cache worker for execution history cache (D:\JS_TS_Node\MY_PROJECTS\travel_trips\travel-mobile\node_modules\@react-native\gradle-plugin\.gradle\8.10.2\executionHistory)" [_thread_blocked, id=16768, stack(0x000000fa8c500000,0x000000fa8c600000)]
  0x0000027bcdcd2500 JavaThread "Unconstrained build operations Thread 28" [_thread_blocked, id=13596, stack(0x000000fa8c600000,0x000000fa8c700000)]
  0x0000027bcdcd66d0 JavaThread "Unconstrained build operations Thread 29" [_thread_blocked, id=7072, stack(0x000000fa8c700000,0x000000fa8c800000)]
  0x0000027bcdcd61c0 JavaThread "Unconstrained build operations Thread 30" [_thread_blocked, id=10348, stack(0x000000fa8c800000,0x000000fa8c900000)]
  0x0000027bcdcd70f0 JavaThread "Unconstrained build operations Thread 31" [_thread_blocked, id=2884, stack(0x000000fa8c900000,0x000000fa8ca00000)]
  0x0000027bcdcd7600 JavaThread "Unconstrained build operations Thread 32" [_thread_blocked, id=17256, stack(0x000000fa8ca00000,0x000000fa8cb00000)]
  0x0000027bcdcd7b10 JavaThread "Unconstrained build operations Thread 33" [_thread_blocked, id=20300, stack(0x000000fa8cb00000,0x000000fa8cc00000)]
  0x0000027bcdcd8020 JavaThread "Unconstrained build operations Thread 34" [_thread_blocked, id=6656, stack(0x000000fa8cc00000,0x000000fa8cd00000)]
  0x0000027bce3ddf80 JavaThread "Unconstrained build operations Thread 35" [_thread_blocked, id=16400, stack(0x000000fa8cd00000,0x000000fa8ce00000)]
  0x0000027bce3deeb0 JavaThread "Unconstrained build operations Thread 36" [_thread_blocked, id=20544, stack(0x000000fa8ce00000,0x000000fa8cf00000)]
  0x0000027bce3e02f0 JavaThread "Unconstrained build operations Thread 37" [_thread_blocked, id=21244, stack(0x000000fa8cf00000,0x000000fa8d000000)]
  0x0000027bce3e0800 JavaThread "Unconstrained build operations Thread 38" [_thread_blocked, id=4088, stack(0x000000fa8d000000,0x000000fa8d100000)]
  0x0000027bce3de490 JavaThread "Unconstrained build operations Thread 39" [_thread_blocked, id=2140, stack(0x000000fa8d100000,0x000000fa8d200000)]
  0x0000027bce3de9a0 JavaThread "Unconstrained build operations Thread 40" [_thread_blocked, id=18652, stack(0x000000fa8d200000,0x000000fa8d300000)]
  0x0000027bce3df3c0 JavaThread "Unconstrained build operations Thread 41" [_thread_blocked, id=152, stack(0x000000fa8d300000,0x000000fa8d400000)]
  0x0000027bce3df8d0 JavaThread "Unconstrained build operations Thread 42" [_thread_blocked, id=15984, stack(0x000000fa8d400000,0x000000fa8d500000)]
  0x0000027bce3dfde0 JavaThread "Unconstrained build operations Thread 43" [_thread_blocked, id=20716, stack(0x000000fa8d500000,0x000000fa8d600000)]
  0x0000027bce3dda70 JavaThread "Unconstrained build operations Thread 44" [_thread_blocked, id=14380, stack(0x000000fa8d600000,0x000000fa8d700000)]
  0x0000027bce3dd050 JavaThread "Unconstrained build operations Thread 45" [_thread_blocked, id=7212, stack(0x000000fa8d700000,0x000000fa8d800000)]
  0x0000027bce3e0d10 JavaThread "Unconstrained build operations Thread 46" [_thread_blocked, id=21380, stack(0x000000fa8d800000,0x000000fa8d900000)]
  0x0000027bce3dd560 JavaThread "Unconstrained build operations Thread 47" [_thread_blocked, id=320, stack(0x000000fa8d900000,0x000000fa8da00000)]
  0x0000027bce3e2660 JavaThread "Unconstrained build operations Thread 48" [_thread_blocked, id=6608, stack(0x000000fa8da00000,0x000000fa8db00000)]
  0x0000027bce3e3fb0 JavaThread "Unconstrained build operations Thread 49" [_thread_blocked, id=8564, stack(0x000000fa8db00000,0x000000fa8dc00000)]
  0x0000027bce3e2b70 JavaThread "Unconstrained build operations Thread 50" [_thread_blocked, id=18012, stack(0x000000fa8dc00000,0x000000fa8dd00000)]
  0x0000027bce3e44c0 JavaThread "Unconstrained build operations Thread 51" [_thread_blocked, id=5184, stack(0x000000fa8dd00000,0x000000fa8de00000)]
  0x0000027bce3e1220 JavaThread "Unconstrained build operations Thread 52" [_thread_blocked, id=3228, stack(0x000000fa8de00000,0x000000fa8df00000)]
  0x0000027bce3e3080 JavaThread "Unconstrained build operations Thread 53" [_thread_blocked, id=15440, stack(0x000000fa8df00000,0x000000fa8e000000)]
  0x0000027bce3e3590 JavaThread "Unconstrained build operations Thread 54" [_thread_blocked, id=14868, stack(0x000000fa8e000000,0x000000fa8e100000)]
  0x0000027bce3e1c40 JavaThread "Unconstrained build operations Thread 55" [_thread_blocked, id=6216, stack(0x000000fa8e100000,0x000000fa8e200000)]
  0x0000027bce3e2150 JavaThread "Unconstrained build operations Thread 56" [_thread_blocked, id=15588, stack(0x000000fa8e200000,0x000000fa8e300000)]
  0x0000027bce3e3aa0 JavaThread "Unconstrained build operations Thread 57" [_thread_blocked, id=8264, stack(0x000000fa8e300000,0x000000fa8e400000)]
  0x0000027bce3e49d0 JavaThread "Unconstrained build operations Thread 58" [_thread_blocked, id=12980, stack(0x000000fa8e400000,0x000000fa8e500000)]
  0x0000027bce3e1730 JavaThread "Unconstrained build operations Thread 59" [_thread_blocked, id=11592, stack(0x000000fa8e500000,0x000000fa8e600000)]
  0x0000027bcc882bb0 JavaThread "Unconstrained build operations Thread 60" [_thread_blocked, id=1376, stack(0x000000fa8e600000,0x000000fa8e700000)]
  0x0000027bcc8826a0 JavaThread "Unconstrained build operations Thread 61" [_thread_blocked, id=19212, stack(0x000000fa8e700000,0x000000fa8e800000)]
  0x0000027bcc881770 JavaThread "Unconstrained build operations Thread 62" [_thread_blocked, id=14884, stack(0x000000fa8e800000,0x000000fa8e900000)]
  0x0000027bcc8835d0 JavaThread "Unconstrained build operations Thread 63" [_thread_blocked, id=15336, stack(0x000000fa8e900000,0x000000fa8ea00000)]
  0x0000027bcc8830c0 JavaThread "Unconstrained build operations Thread 64" [_thread_blocked, id=2672, stack(0x000000fa8ea00000,0x000000fa8eb00000)]
  0x0000027bcc882190 JavaThread "Unconstrained build operations Thread 65" [_thread_blocked, id=9740, stack(0x000000fa8eb00000,0x000000fa8ec00000)]
  0x0000027bcc881c80 JavaThread "Unconstrained build operations Thread 66" [_thread_blocked, id=9076, stack(0x000000fa8ec00000,0x000000fa8ed00000)]
  0x0000027bcc880d50 JavaThread "Unconstrained build operations Thread 67" [_thread_blocked, id=16044, stack(0x000000fa8ed00000,0x000000fa8ee00000)]
  0x0000027bcc883ae0 JavaThread "Unconstrained build operations Thread 68" [_thread_blocked, id=20152, stack(0x000000fa8ee00000,0x000000fa8ef00000)]
  0x0000027bcc880330 JavaThread "Unconstrained build operations Thread 69" [_thread_blocked, id=18128, stack(0x000000fa8ef00000,0x000000fa8f000000)]
  0x0000027bcc883ff0 JavaThread "Unconstrained build operations Thread 70" [_thread_blocked, id=14632, stack(0x000000fa8f000000,0x000000fa8f100000)]
  0x0000027bcc880840 JavaThread "Unconstrained build operations Thread 71" [_thread_blocked, id=9484, stack(0x000000fa8f100000,0x000000fa8f200000)]
  0x0000027bcc884500 JavaThread "Unconstrained build operations Thread 72" [_thread_blocked, id=8460, stack(0x000000fa8f200000,0x000000fa8f300000)]
  0x0000027bcc884a10 JavaThread "Unconstrained build operations Thread 73" [_thread_blocked, id=2620, stack(0x000000fa8f300000,0x000000fa8f400000)]
  0x0000027bcc881260 JavaThread "Unconstrained build operations Thread 74" [_thread_blocked, id=17416, stack(0x000000fa8f400000,0x000000fa8f500000)]
  0x0000027bcc885e50 JavaThread "Unconstrained build operations Thread 75" [_thread_blocked, id=18320, stack(0x000000fa8f500000,0x000000fa8f600000)]
  0x0000027bcc884f20 JavaThread "Unconstrained build operations Thread 76" [_thread_blocked, id=5232, stack(0x000000fa8f600000,0x000000fa8f700000)]
  0x0000027bcc885430 JavaThread "Unconstrained build operations Thread 77" [_thread_blocked, id=2480, stack(0x000000fa8f700000,0x000000fa8f800000)]
  0x0000027bcc886d80 JavaThread "jar transforms Thread 2" [_thread_blocked, id=21004, stack(0x000000fa8f800000,0x000000fa8f900000)]
  0x0000027bcd858650 JavaThread "C2 CompilerThread1" daemon [_thread_in_native, id=1424, stack(0x000000fa8b500000,0x000000fa8b600000)]
  0x0000027bcc885940 JavaThread "jar transforms Thread 3" [_thread_blocked, id=19560, stack(0x000000fa8f900000,0x000000fa8fa00000)]
  0x0000027bcd817ce0 
[error occurred during error reporting (printing all threads), id 0xc0000005, EXCEPTION_ACCESS_VIOLATION (0xc0000005) at pc=0x00007ffe7b223bc9]

VM state: not at safepoint (normal execution)

VM Mutex/Monitor currently owned by a thread: None

Heap address: 0x0000000080000000, size: 2048 MB, Compressed Oops mode: 32-bit

CDS archive(s) mapped at: [0x0000027baa000000-0x0000027baabb0000-0x0000027baabb0000), size 12255232, SharedBaseAddress: 0x0000027baa000000, ArchiveRelocationMode: 1.
Compressed class space mapped at: 0x0000027bab000000-0x0000027bc5000000, reserved size: 436207616
Narrow klass base: 0x0000027baa000000, Narrow klass shift: 0, Narrow klass range: 0x100000000

GC Precious Log:
 CPUs: 8 total, 8 available
 Memory: 16226M
 Large Page Support: Disabled
 NUMA Support: Disabled
 Compressed Oops: Enabled (32-bit)
 Heap Region Size: 1M
 Heap Min Capacity: 8M
 Heap Initial Capacity: 254M
 Heap Max Capacity: 2G
 Pre-touch: Disabled
 Parallel Workers: 8
 Concurrent Workers: 2
 Concurrent Refinement Workers: 8
 Periodic GC: Disabled

Heap:
 garbage-first heap   total 190464K, used 94927K [0x0000000080000000, 0x0000000100000000)
  region size 1024K, 11 young (11264K), 9 survivors (9216K)
 Metaspace       used 72407K, committed 73344K, reserved 491520K
  class space    used 10244K, committed 10688K, reserved 425984K

Heap Regions: E=young(eden), S=young(survivor), O=old, HS=humongous(starts), HC=humongous(continues), CS=collection set, F=free, OA=open archive, CA=closed archive, TAMS=top-at-mark-start (previous, next)
|   0|0x0000000080000000, 0x0000000080100000, 0x0000000080100000|100%| O|  |TAMS 0x0000000080100000, 0x0000000080000000| Untracked 
|   1|0x0000000080100000, 0x0000000080200000, 0x0000000080200000|100%| O|  |TAMS 0x0000000080200000, 0x0000000080100000| Untracked 
|   2|0x0000000080200000, 0x0000000080300000, 0x0000000080300000|100%|HS|  |TAMS 0x0000000080300000, 0x0000000080200000| Complete 
|   3|0x0000000080300000, 0x0000000080400000, 0x0000000080400000|100%|HC|  |TAMS 0x0000000080400000, 0x0000000080300000| Complete 
|   4|0x0000000080400000, 0x0000000080500000, 0x0000000080500000|100%|HC|  |TAMS 0x0000000080500000, 0x0000000080400000| Complete 
|   5|0x0000000080500000, 0x0000000080600000, 0x0000000080600000|100%|HC|  |TAMS 0x0000000080600000, 0x0000000080500000| Complete 
|   6|0x0000000080600000, 0x0000000080700000, 0x0000000080700000|100%| O|  |TAMS 0x0000000080700000, 0x0000000080600000| Untracked 
|   7|0x0000000080700000, 0x0000000080800000, 0x0000000080800000|100%| O|  |TAMS 0x0000000080800000, 0x0000000080700000| Untracked 
|   8|0x0000000080800000, 0x0000000080900000, 0x0000000080900000|100%| O|  |TAMS 0x0000000080900000, 0x0000000080800000| Untracked 
|   9|0x0000000080900000, 0x0000000080a00000, 0x0000000080a00000|100%|HS|  |TAMS 0x0000000080a00000, 0x0000000080900000| Complete 
|  10|0x0000000080a00000, 0x0000000080b00000, 0x0000000080b00000|100%| O|  |TAMS 0x0000000080b00000, 0x0000000080a00000| Untracked 
|  11|0x0000000080b00000, 0x0000000080c00000, 0x0000000080c00000|100%| O|  |TAMS 0x0000000080c00000, 0x0000000080b00000| Untracked 
|  12|0x0000000080c00000, 0x0000000080d00000, 0x0000000080d00000|100%| O|  |TAMS 0x0000000080d00000, 0x0000000080c00000| Untracked 
|  13|0x0000000080d00000, 0x0000000080e00000, 0x0000000080e00000|100%| O|  |TAMS 0x0000000080e00000, 0x0000000080d00000| Untracked 
|  14|0x0000000080e00000, 0x0000000080f00000, 0x0000000080f00000|100%| O|  |TAMS 0x0000000080f00000, 0x0000000080e00000| Untracked 
|  15|0x0000000080f00000, 0x0000000081000000, 0x0000000081000000|100%| O|  |TAMS 0x0000000081000000, 0x0000000080f00000| Untracked 
|  16|0x0000000081000000, 0x0000000081100000, 0x0000000081100000|100%| O|  |TAMS 0x0000000081100000, 0x0000000081000000| Untracked 
|  17|0x0000000081100000, 0x0000000081200000, 0x0000000081200000|100%| O|  |TAMS 0x0000000081200000, 0x0000000081100000| Untracked 
|  18|0x0000000081200000, 0x0000000081300000, 0x0000000081300000|100%| O|  |TAMS 0x0000000081300000, 0x0000000081200000| Untracked 
|  19|0x0000000081300000, 0x0000000081400000, 0x0000000081400000|100%| O|  |TAMS 0x0000000081400000, 0x0000000081300000| Untracked 
|  20|0x0000000081400000, 0x0000000081500000, 0x0000000081500000|100%| O|  |TAMS 0x0000000081500000, 0x0000000081400000| Untracked 
|  21|0x0000000081500000, 0x0000000081600000, 0x0000000081600000|100%| O|  |TAMS 0x0000000081600000, 0x0000000081500000| Untracked 
|  22|0x0000000081600000, 0x0000000081700000, 0x0000000081700000|100%| O|  |TAMS 0x0000000081700000, 0x0000000081600000| Untracked 
|  23|0x0000000081700000, 0x0000000081800000, 0x0000000081800000|100%| O|  |TAMS 0x0000000081800000, 0x0000000081700000| Untracked 
|  24|0x0000000081800000, 0x0000000081900000, 0x0000000081900000|100%| O|  |TAMS 0x0000000081900000, 0x0000000081800000| Untracked 
|  25|0x0000000081900000, 0x0000000081a00000, 0x0000000081a00000|100%| O|  |TAMS 0x0000000081a00000, 0x0000000081900000| Untracked 
|  26|0x0000000081a00000, 0x0000000081b00000, 0x0000000081b00000|100%| O|  |TAMS 0x0000000081b00000, 0x0000000081a00000| Untracked 
|  27|0x0000000081b00000, 0x0000000081c00000, 0x0000000081c00000|100%| O|  |TAMS 0x0000000081c00000, 0x0000000081b00000| Untracked 
|  28|0x0000000081c00000, 0x0000000081d00000, 0x0000000081d00000|100%| O|  |TAMS 0x0000000081d00000, 0x0000000081c00000| Untracked 
|  29|0x0000000081d00000, 0x0000000081e00000, 0x0000000081e00000|100%| O|  |TAMS 0x0000000081d00000, 0x0000000081d00000| Untracked 
|  30|0x0000000081e00000, 0x0000000081f00000, 0x0000000081f00000|100%| O|  |TAMS 0x0000000081f00000, 0x0000000081e00000| Untracked 
|  31|0x0000000081f00000, 0x0000000082000000, 0x0000000082000000|100%| O|  |TAMS 0x0000000082000000, 0x0000000081f00000| Untracked 
|  32|0x0000000082000000, 0x0000000082100000, 0x0000000082100000|100%| O|  |TAMS 0x0000000082100000, 0x0000000082000000| Untracked 
|  33|0x0000000082100000, 0x0000000082200000, 0x0000000082200000|100%| O|  |TAMS 0x0000000082200000, 0x0000000082100000| Untracked 
|  34|0x0000000082200000, 0x0000000082300000, 0x0000000082300000|100%| O|  |TAMS 0x0000000082300000, 0x0000000082200000| Untracked 
|  35|0x0000000082300000, 0x0000000082400000, 0x0000000082400000|100%| O|  |TAMS 0x0000000082400000, 0x0000000082300000| Untracked 
|  36|0x0000000082400000, 0x0000000082500000, 0x0000000082500000|100%| O|  |TAMS 0x0000000082500000, 0x0000000082400000| Untracked 
|  37|0x0000000082500000, 0x0000000082600000, 0x0000000082600000|100%| O|  |TAMS 0x0000000082600000, 0x0000000082500000| Untracked 
|  38|0x0000000082600000, 0x0000000082700000, 0x0000000082700000|100%| O|  |TAMS 0x0000000082700000, 0x0000000082600000| Untracked 
|  39|0x0000000082700000, 0x0000000082800000, 0x0000000082800000|100%| O|  |TAMS 0x0000000082800000, 0x0000000082700000| Untracked 
|  40|0x0000000082800000, 0x0000000082900000, 0x0000000082900000|100%| O|  |TAMS 0x0000000082900000, 0x0000000082800000| Untracked 
|  41|0x0000000082900000, 0x0000000082a00000, 0x0000000082a00000|100%| O|  |TAMS 0x0000000082a00000, 0x0000000082900000| Untracked 
|  42|0x0000000082a00000, 0x0000000082b00000, 0x0000000082b00000|100%| O|  |TAMS 0x0000000082b00000, 0x0000000082a00000| Untracked 
|  43|0x0000000082b00000, 0x0000000082c00000, 0x0000000082c00000|100%| O|  |TAMS 0x0000000082b00000, 0x0000000082b00000| Untracked 
|  44|0x0000000082c00000, 0x0000000082d00000, 0x0000000082d00000|100%| O|  |TAMS 0x0000000082d00000, 0x0000000082c00000| Untracked 
|  45|0x0000000082d00000, 0x0000000082e00000, 0x0000000082e00000|100%|HS|  |TAMS 0x0000000082e00000, 0x0000000082d00000| Complete 
|  46|0x0000000082e00000, 0x0000000082f00000, 0x0000000082f00000|100%|HC|  |TAMS 0x0000000082f00000, 0x0000000082e00000| Complete 
|  47|0x0000000082f00000, 0x0000000083000000, 0x0000000083000000|100%|HS|  |TAMS 0x0000000083000000, 0x0000000082f00000| Complete 
|  48|0x0000000083000000, 0x0000000083100000, 0x0000000083100000|100%|HC|  |TAMS 0x0000000083100000, 0x0000000083000000| Complete 
|  49|0x0000000083100000, 0x0000000083200000, 0x0000000083200000|100%|HC|  |TAMS 0x0000000083200000, 0x0000000083100000| Complete 
|  50|0x0000000083200000, 0x0000000083300000, 0x0000000083300000|100%|HS|  |TAMS 0x0000000083300000, 0x0000000083200000| Complete 
|  51|0x0000000083300000, 0x0000000083400000, 0x0000000083400000|100%|HC|  |TAMS 0x0000000083400000, 0x0000000083300000| Complete 
|  52|0x0000000083400000, 0x0000000083500000, 0x0000000083500000|100%| O|  |TAMS 0x0000000083500000, 0x0000000083400000| Untracked 
|  53|0x0000000083500000, 0x0000000083600000, 0x0000000083600000|100%| O|  |TAMS 0x0000000083600000, 0x0000000083500000| Untracked 
|  54|0x0000000083600000, 0x0000000083700000, 0x0000000083700000|100%| O|  |TAMS 0x0000000083700000, 0x0000000083600000| Untracked 
|  55|0x0000000083700000, 0x0000000083800000, 0x0000000083800000|100%| O|  |TAMS 0x0000000083800000, 0x0000000083700000| Untracked 
|  56|0x0000000083800000, 0x0000000083900000, 0x0000000083900000|100%|HS|  |TAMS 0x0000000083900000, 0x0000000083800000| Complete 
|  57|0x0000000083900000, 0x0000000083a00000, 0x0000000083a00000|100%|HC|  |TAMS 0x0000000083a00000, 0x0000000083900000| Complete 
|  58|0x0000000083a00000, 0x0000000083b00000, 0x0000000083b00000|100%|HC|  |TAMS 0x0000000083b00000, 0x0000000083a00000| Complete 
|  59|0x0000000083b00000, 0x0000000083c00000, 0x0000000083c00000|100%| O|  |TAMS 0x0000000083c00000, 0x0000000083b00000| Untracked 
|  60|0x0000000083c00000, 0x0000000083d00000, 0x0000000083d00000|100%| O|  |TAMS 0x0000000083c8a800, 0x0000000083c00000| Untracked 
|  61|0x0000000083d00000, 0x0000000083e00000, 0x0000000083e00000|100%| O|  |TAMS 0x0000000083d00000, 0x0000000083d00000| Untracked 
|  62|0x0000000083e00000, 0x0000000083f00000, 0x0000000083f00000|100%| O|  |TAMS 0x0000000083e00000, 0x0000000083e00000| Untracked 
|  63|0x0000000083f00000, 0x0000000084000000, 0x0000000084000000|100%| O|  |TAMS 0x0000000083f00000, 0x0000000083f00000| Untracked 
|  64|0x0000000084000000, 0x0000000084100000, 0x0000000084100000|100%| O|  |TAMS 0x0000000084000000, 0x0000000084000000| Untracked 
|  65|0x0000000084100000, 0x0000000084200000, 0x0000000084200000|100%| O|  |TAMS 0x0000000084100000, 0x0000000084100000| Untracked 
|  66|0x0000000084200000, 0x0000000084300000, 0x0000000084300000|100%| O|  |TAMS 0x0000000084200000, 0x0000000084200000| Untracked 
|  67|0x0000000084300000, 0x0000000084400000, 0x0000000084400000|100%| O|  |TAMS 0x0000000084300000, 0x0000000084300000| Untracked 
|  68|0x0000000084400000, 0x0000000084500000, 0x0000000084500000|100%| O|  |TAMS 0x0000000084400000, 0x0000000084400000| Untracked 
|  69|0x0000000084500000, 0x0000000084600000, 0x0000000084600000|100%| O|  |TAMS 0x0000000084500000, 0x0000000084500000| Untracked 
|  70|0x0000000084600000, 0x0000000084700000, 0x0000000084700000|100%| O|  |TAMS 0x0000000084600000, 0x0000000084600000| Untracked 
|  71|0x0000000084700000, 0x0000000084800000, 0x0000000084800000|100%| O|  |TAMS 0x0000000084700000, 0x0000000084700000| Untracked 
|  72|0x0000000084800000, 0x0000000084900000, 0x0000000084900000|100%| O|  |TAMS 0x0000000084800000, 0x0000000084800000| Untracked 
|  73|0x0000000084900000, 0x0000000084a00000, 0x0000000084a00000|100%| O|  |TAMS 0x0000000084900000, 0x0000000084900000| Untracked 
|  74|0x0000000084a00000, 0x0000000084b00000, 0x0000000084b00000|100%| O|  |TAMS 0x0000000084a00000, 0x0000000084a00000| Untracked 
|  75|0x0000000084b00000, 0x0000000084c00000, 0x0000000084c00000|100%| O|  |TAMS 0x0000000084b00000, 0x0000000084b00000| Untracked 
|  76|0x0000000084c00000, 0x0000000084d00000, 0x0000000084d00000|100%| O|  |TAMS 0x0000000084c00000, 0x0000000084c00000| Untracked 
|  77|0x0000000084d00000, 0x0000000084e00000, 0x0000000084e00000|100%| O|  |TAMS 0x0000000084d00000, 0x0000000084d00000| Untracked 
|  78|0x0000000084e00000, 0x0000000084f00000, 0x0000000084f00000|100%|HS|  |TAMS 0x0000000084e00000, 0x0000000084e00000| Complete 
|  79|0x0000000084f00000, 0x0000000085000000, 0x0000000085000000|100%|HS|  |TAMS 0x0000000084f00000, 0x0000000084f00000| Complete 
|  80|0x0000000085000000, 0x0000000085100000, 0x0000000085100000|100%|HS|  |TAMS 0x0000000085000000, 0x0000000085000000| Complete 
|  81|0x0000000085100000, 0x0000000085200000, 0x0000000085200000|100%|HS|  |TAMS 0x0000000085100000, 0x0000000085100000| Complete 
|  82|0x0000000085200000, 0x0000000085200000, 0x0000000085300000|  0%| F|  |TAMS 0x0000000085200000, 0x0000000085200000| Untracked 
|  83|0x0000000085300000, 0x00000000853b3c00, 0x0000000085400000| 70%| O|  |TAMS 0x0000000085300000, 0x0000000085300000| Untracked 
|  84|0x0000000085400000, 0x0000000085400000, 0x0000000085500000|  0%| F|  |TAMS 0x0000000085400000, 0x0000000085400000| Untracked 
|  85|0x0000000085500000, 0x0000000085500000, 0x0000000085600000|  0%| F|  |TAMS 0x0000000085500000, 0x0000000085500000| Untracked 
|  86|0x0000000085600000, 0x0000000085600000, 0x0000000085700000|  0%| F|  |TAMS 0x0000000085600000, 0x0000000085600000| Untracked 
|  87|0x0000000085700000, 0x0000000085700000, 0x0000000085800000|  0%| F|  |TAMS 0x0000000085700000, 0x0000000085700000| Untracked 
|  88|0x0000000085800000, 0x0000000085800000, 0x0000000085900000|  0%| F|  |TAMS 0x0000000085800000, 0x0000000085800000| Untracked 
|  89|0x0000000085900000, 0x0000000085900000, 0x0000000085a00000|  0%| F|  |TAMS 0x0000000085900000, 0x0000000085900000| Untracked 
|  90|0x0000000085a00000, 0x0000000085a00000, 0x0000000085b00000|  0%| F|  |TAMS 0x0000000085a00000, 0x0000000085a00000| Untracked 
|  91|0x0000000085b00000, 0x0000000085b00000, 0x0000000085c00000|  0%| F|  |TAMS 0x0000000085b00000, 0x0000000085b00000| Untracked 
|  92|0x0000000085c00000, 0x0000000085c00000, 0x0000000085d00000|  0%| F|  |TAMS 0x0000000085c00000, 0x0000000085c00000| Untracked 
|  93|0x0000000085d00000, 0x0000000085d00000, 0x0000000085e00000|  0%| F|  |TAMS 0x0000000085d00000, 0x0000000085d00000| Untracked 
|  94|0x0000000085e00000, 0x0000000085e00000, 0x0000000085f00000|  0%| F|  |TAMS 0x0000000085e00000, 0x0000000085e00000| Untracked 
|  95|0x0000000085f00000, 0x0000000085f00000, 0x0000000086000000|  0%| F|  |TAMS 0x0000000085f00000, 0x0000000085f00000| Untracked 
|  96|0x0000000086000000, 0x0000000086000000, 0x0000000086100000|  0%| F|  |TAMS 0x0000000086000000, 0x0000000086000000| Untracked 
|  97|0x0000000086100000, 0x0000000086100000, 0x0000000086200000|  0%| F|  |TAMS 0x0000000086100000, 0x0000000086100000| Untracked 
|  98|0x0000000086200000, 0x0000000086200000, 0x0000000086300000|  0%| F|  |TAMS 0x0000000086200000, 0x0000000086200000| Untracked 
|  99|0x0000000086300000, 0x0000000086300000, 0x0000000086400000|  0%| F|  |TAMS 0x0000000086300000, 0x0000000086300000| Untracked 
| 100|0x0000000086400000, 0x0000000086400000, 0x0000000086500000|  0%| F|  |TAMS 0x0000000086400000, 0x0000000086400000| Untracked 
| 101|0x0000000086500000, 0x0000000086500000, 0x0000000086600000|  0%| F|  |TAMS 0x0000000086500000, 0x0000000086500000| Untracked 
| 102|0x0000000086600000, 0x0000000086600000, 0x0000000086700000|  0%| F|  |TAMS 0x0000000086600000, 0x0000000086600000| Untracked 
| 103|0x0000000086700000, 0x0000000086700000, 0x0000000086800000|  0%| F|  |TAMS 0x0000000086700000, 0x0000000086700000| Untracked 
| 104|0x0000000086800000, 0x0000000086800000, 0x0000000086900000|  0%| F|  |TAMS 0x0000000086800000, 0x0000000086800000| Untracked 
| 105|0x0000000086900000, 0x0000000086900000, 0x0000000086a00000|  0%| F|  |TAMS 0x0000000086900000, 0x0000000086900000| Untracked 
| 106|0x0000000086a00000, 0x0000000086a00000, 0x0000000086b00000|  0%| F|  |TAMS 0x0000000086a00000, 0x0000000086a00000| Untracked 
| 107|0x0000000086b00000, 0x0000000086b00000, 0x0000000086c00000|  0%| F|  |TAMS 0x0000000086b00000, 0x0000000086b00000| Untracked 
| 108|0x0000000086c00000, 0x0000000086c00000, 0x0000000086d00000|  0%| F|  |TAMS 0x0000000086c00000, 0x0000000086c00000| Untracked 
| 109|0x0000000086d00000, 0x0000000086d00000, 0x0000000086e00000|  0%| F|  |TAMS 0x0000000086d00000, 0x0000000086d00000| Untracked 
| 110|0x0000000086e00000, 0x0000000086f00000, 0x0000000086f00000|100%| S|CS|TAMS 0x0000000086e00000, 0x0000000086e00000| Complete 
| 111|0x0000000086f00000, 0x0000000087000000, 0x0000000087000000|100%| S|CS|TAMS 0x0000000086f00000, 0x0000000086f00000| Complete 
| 112|0x0000000087000000, 0x0000000087100000, 0x0000000087100000|100%| S|CS|TAMS 0x0000000087000000, 0x0000000087000000| Complete 
| 113|0x0000000087100000, 0x0000000087200000, 0x0000000087200000|100%| S|CS|TAMS 0x0000000087100000, 0x0000000087100000| Complete 
| 114|0x0000000087200000, 0x0000000087300000, 0x0000000087300000|100%| S|CS|TAMS 0x0000000087200000, 0x0000000087200000| Complete 
| 115|0x0000000087300000, 0x0000000087400000, 0x0000000087400000|100%| S|CS|TAMS 0x0000000087300000, 0x0000000087300000| Complete 
| 116|0x0000000087400000, 0x0000000087500000, 0x0000000087500000|100%| S|CS|TAMS 0x0000000087400000, 0x0000000087400000| Complete 
| 117|0x0000000087500000, 0x0000000087500000, 0x0000000087600000|  0%| F|  |TAMS 0x0000000087500000, 0x0000000087500000| Untracked 
| 118|0x0000000087600000, 0x0000000087600000, 0x0000000087700000|  0%| F|  |TAMS 0x0000000087600000, 0x0000000087600000| Untracked 
| 119|0x0000000087700000, 0x0000000087800000, 0x0000000087800000|100%| S|CS|TAMS 0x0000000087700000, 0x0000000087700000| Complete 
| 120|0x0000000087800000, 0x0000000087800000, 0x0000000087900000|  0%| F|  |TAMS 0x0000000087800000, 0x0000000087800000| Untracked 
| 121|0x0000000087900000, 0x0000000087900000, 0x0000000087a00000|  0%| F|  |TAMS 0x0000000087900000, 0x0000000087900000| Untracked 
| 122|0x0000000087a00000, 0x0000000087a00000, 0x0000000087b00000|  0%| F|  |TAMS 0x0000000087a00000, 0x0000000087a00000| Untracked 
| 123|0x0000000087b00000, 0x0000000087c00000, 0x0000000087c00000|100%| S|CS|TAMS 0x0000000087b00000, 0x0000000087b00000| Complete 
| 124|0x0000000087c00000, 0x0000000087c00000, 0x0000000087d00000|  0%| F|  |TAMS 0x0000000087c00000, 0x0000000087c00000| Untracked 
| 125|0x0000000087d00000, 0x0000000087d00000, 0x0000000087e00000|  0%| F|  |TAMS 0x0000000087d00000, 0x0000000087d00000| Untracked 
| 126|0x0000000087e00000, 0x0000000087e00000, 0x0000000087f00000|  0%| F|  |TAMS 0x0000000087e00000, 0x0000000087e00000| Untracked 
| 127|0x0000000087f00000, 0x0000000087f00000, 0x0000000088000000|  0%| F|  |TAMS 0x0000000087f00000, 0x0000000087f00000| Untracked 
| 128|0x0000000088000000, 0x0000000088000000, 0x0000000088100000|  0%| F|  |TAMS 0x0000000088000000, 0x0000000088000000| Untracked 
| 129|0x0000000088100000, 0x0000000088100000, 0x0000000088200000|  0%| F|  |TAMS 0x0000000088100000, 0x0000000088100000| Untracked 
| 130|0x0000000088200000, 0x0000000088200000, 0x0000000088300000|  0%| F|  |TAMS 0x0000000088200000, 0x0000000088200000| Untracked 
| 131|0x0000000088300000, 0x0000000088300000, 0x0000000088400000|  0%| F|  |TAMS 0x0000000088300000, 0x0000000088300000| Untracked 
| 132|0x0000000088400000, 0x0000000088400000, 0x0000000088500000|  0%| F|  |TAMS 0x0000000088400000, 0x0000000088400000| Untracked 
| 133|0x0000000088500000, 0x0000000088500000, 0x0000000088600000|  0%| F|  |TAMS 0x0000000088500000, 0x0000000088500000| Untracked 
| 134|0x0000000088600000, 0x0000000088600000, 0x0000000088700000|  0%| F|  |TAMS 0x0000000088600000, 0x0000000088600000| Untracked 
| 135|0x0000000088700000, 0x0000000088700000, 0x0000000088800000|  0%| F|  |TAMS 0x0000000088700000, 0x0000000088700000| Untracked 
| 136|0x0000000088800000, 0x0000000088800000, 0x0000000088900000|  0%| F|  |TAMS 0x0000000088800000, 0x0000000088800000| Untracked 
| 137|0x0000000088900000, 0x0000000088900000, 0x0000000088a00000|  0%| F|  |TAMS 0x0000000088900000, 0x0000000088900000| Untracked 
| 138|0x0000000088a00000, 0x0000000088a00000, 0x0000000088b00000|  0%| F|  |TAMS 0x0000000088a00000, 0x0000000088a00000| Untracked 
| 139|0x0000000088b00000, 0x0000000088b00000, 0x0000000088c00000|  0%| F|  |TAMS 0x0000000088b00000, 0x0000000088b00000| Untracked 
| 140|0x0000000088c00000, 0x0000000088c00000, 0x0000000088d00000|  0%| F|  |TAMS 0x0000000088c00000, 0x0000000088c00000| Untracked 
| 141|0x0000000088d00000, 0x0000000088d00000, 0x0000000088e00000|  0%| F|  |TAMS 0x0000000088d00000, 0x0000000088d00000| Untracked 
| 142|0x0000000088e00000, 0x0000000088e00000, 0x0000000088f00000|  0%| F|  |TAMS 0x0000000088e00000, 0x0000000088e00000| Untracked 
| 143|0x0000000088f00000, 0x0000000088f00000, 0x0000000089000000|  0%| F|  |TAMS 0x0000000088f00000, 0x0000000088f00000| Untracked 
| 144|0x0000000089000000, 0x0000000089000000, 0x0000000089100000|  0%| F|  |TAMS 0x0000000089000000, 0x0000000089000000| Untracked 
| 145|0x0000000089100000, 0x0000000089100000, 0x0000000089200000|  0%| F|  |TAMS 0x0000000089100000, 0x0000000089100000| Untracked 
| 146|0x0000000089200000, 0x0000000089200000, 0x0000000089300000|  0%| F|  |TAMS 0x0000000089200000, 0x0000000089200000| Untracked 
| 147|0x0000000089300000, 0x0000000089300000, 0x0000000089400000|  0%| F|  |TAMS 0x0000000089300000, 0x0000000089300000| Untracked 
| 148|0x0000000089400000, 0x0000000089400000, 0x0000000089500000|  0%| F|  |TAMS 0x0000000089400000, 0x0000000089400000| Untracked 
| 149|0x0000000089500000, 0x0000000089500000, 0x0000000089600000|  0%| F|  |TAMS 0x0000000089500000, 0x0000000089500000| Untracked 
| 150|0x0000000089600000, 0x0000000089600000, 0x0000000089700000|  0%| F|  |TAMS 0x0000000089600000, 0x0000000089600000| Untracked 
| 151|0x0000000089700000, 0x0000000089700000, 0x0000000089800000|  0%| F|  |TAMS 0x0000000089700000, 0x0000000089700000| Untracked 
| 152|0x0000000089800000, 0x0000000089800000, 0x0000000089900000|  0%| F|  |TAMS 0x0000000089800000, 0x0000000089800000| Untracked 
| 153|0x0000000089900000, 0x0000000089900000, 0x0000000089a00000|  0%| F|  |TAMS 0x0000000089900000, 0x0000000089900000| Untracked 
| 154|0x0000000089a00000, 0x0000000089a00000, 0x0000000089b00000|  0%| F|  |TAMS 0x0000000089a00000, 0x0000000089a00000| Untracked 
| 155|0x0000000089b00000, 0x0000000089b00000, 0x0000000089c00000|  0%| F|  |TAMS 0x0000000089b00000, 0x0000000089b00000| Untracked 
| 156|0x0000000089c00000, 0x0000000089c00000, 0x0000000089d00000|  0%| F|  |TAMS 0x0000000089c00000, 0x0000000089c00000| Untracked 
| 157|0x0000000089d00000, 0x0000000089d00000, 0x0000000089e00000|  0%| F|  |TAMS 0x0000000089d00000, 0x0000000089d00000| Untracked 
| 158|0x0000000089e00000, 0x0000000089e00000, 0x0000000089f00000|  0%| F|  |TAMS 0x0000000089e00000, 0x0000000089e00000| Untracked 
| 159|0x0000000089f00000, 0x0000000089f00000, 0x000000008a000000|  0%| F|  |TAMS 0x0000000089f00000, 0x0000000089f00000| Untracked 
| 160|0x000000008a000000, 0x000000008a000000, 0x000000008a100000|  0%| F|  |TAMS 0x000000008a000000, 0x000000008a000000| Untracked 
| 161|0x000000008a100000, 0x000000008a100000, 0x000000008a200000|  0%| F|  |TAMS 0x000000008a100000, 0x000000008a100000| Untracked 
| 162|0x000000008a200000, 0x000000008a200000, 0x000000008a300000|  0%| F|  |TAMS 0x000000008a200000, 0x000000008a200000| Untracked 
| 163|0x000000008a300000, 0x000000008a300000, 0x000000008a400000|  0%| F|  |TAMS 0x000000008a300000, 0x000000008a300000| Untracked 
| 164|0x000000008a400000, 0x000000008a400000, 0x000000008a500000|  0%| F|  |TAMS 0x000000008a400000, 0x000000008a400000| Untracked 
| 165|0x000000008a500000, 0x000000008a500000, 0x000000008a600000|  0%| F|  |TAMS 0x000000008a500000, 0x000000008a500000| Untracked 
| 166|0x000000008a600000, 0x000000008a600000, 0x000000008a700000|  0%| F|  |TAMS 0x000000008a600000, 0x000000008a600000| Untracked 
| 167|0x000000008a700000, 0x000000008a700000, 0x000000008a800000|  0%| F|  |TAMS 0x000000008a700000, 0x000000008a700000| Untracked 
| 168|0x000000008a800000, 0x000000008a800000, 0x000000008a900000|  0%| F|  |TAMS 0x000000008a800000, 0x000000008a800000| Untracked 
| 169|0x000000008a900000, 0x000000008a900000, 0x000000008aa00000|  0%| F|  |TAMS 0x000000008a900000, 0x000000008a900000| Untracked 
| 170|0x000000008aa00000, 0x000000008aa00000, 0x000000008ab00000|  0%| F|  |TAMS 0x000000008aa00000, 0x000000008aa00000| Untracked 
| 171|0x000000008ab00000, 0x000000008ab00000, 0x000000008ac00000|  0%| F|  |TAMS 0x000000008ab00000, 0x000000008ab00000| Untracked 
| 172|0x000000008ac00000, 0x000000008ac00000, 0x000000008ad00000|  0%| F|  |TAMS 0x000000008ac00000, 0x000000008ac00000| Untracked 
| 173|0x000000008ad00000, 0x000000008ad00000, 0x000000008ae00000|  0%| F|  |TAMS 0x000000008ad00000, 0x000000008ad00000| Untracked 
| 174|0x000000008ae00000, 0x000000008ae00000, 0x000000008af00000|  0%| F|  |TAMS 0x000000008ae00000, 0x000000008ae00000| Untracked 
| 175|0x000000008af00000, 0x000000008af00000, 0x000000008b000000|  0%| F|  |TAMS 0x000000008af00000, 0x000000008af00000| Untracked 
| 176|0x000000008b000000, 0x000000008b000000, 0x000000008b100000|  0%| F|  |TAMS 0x000000008b000000, 0x000000008b000000| Untracked 
| 177|0x000000008b100000, 0x000000008b100000, 0x000000008b200000|  0%| F|  |TAMS 0x000000008b100000, 0x000000008b100000| Untracked 
| 178|0x000000008b200000, 0x000000008b200000, 0x000000008b300000|  0%| F|  |TAMS 0x000000008b200000, 0x000000008b200000| Untracked 
| 179|0x000000008b300000, 0x000000008b300000, 0x000000008b400000|  0%| F|  |TAMS 0x000000008b300000, 0x000000008b300000| Untracked 
| 180|0x000000008b400000, 0x000000008b400000, 0x000000008b500000|  0%| F|  |TAMS 0x000000008b400000, 0x000000008b400000| Untracked 
| 181|0x000000008b500000, 0x000000008b500000, 0x000000008b600000|  0%| F|  |TAMS 0x000000008b500000, 0x000000008b500000| Untracked 
| 182|0x000000008b600000, 0x000000008b600000, 0x000000008b700000|  0%| F|  |TAMS 0x000000008b600000, 0x000000008b600000| Untracked 
| 183|0x000000008b700000, 0x000000008b700000, 0x000000008b800000|  0%| F|  |TAMS 0x000000008b700000, 0x000000008b700000| Untracked 
| 184|0x000000008b800000, 0x000000008b897cc8, 0x000000008b900000| 59%| E|  |TAMS 0x000000008b800000, 0x000000008b800000| Complete 
| 253|0x000000008fd00000, 0x000000008fe00000, 0x000000008fe00000|100%| E|CS|TAMS 0x000000008fd00000, 0x000000008fd00000| Complete 

Card table byte_map: [0x0000027ba2620000,0x0000027ba2a20000] _byte_map_base: 0x0000027ba2220000

Marking Bits (Prev, Next): (CMBitMap*) 0x0000027b8914a870, (CMBitMap*) 0x0000027b8914a8b0
 Prev Bits: [0x0000027ba2e20000, 0x0000027ba4e20000)
 Next Bits: [0x0000027ba4e20000, 0x0000027ba6e20000)

Polling page: 0x0000027b8a9b0000

Metaspace:

Usage:
  Non-class:     60.71 MB used.
      Class:     10.01 MB used.
       Both:     70.72 MB used.

Virtual space:
  Non-class space:       64.00 MB reserved,      61.19 MB ( 96%) committed,  1 nodes.
      Class space:      416.00 MB reserved,      10.44 MB (  3%) committed,  1 nodes.
             Both:      480.00 MB reserved,      71.62 MB ( 15%) committed. 

Chunk freelists:
   Non-Class:  2.34 MB
       Class:  5.43 MB
        Both:  7.77 MB

MaxMetaspaceSize: 512.00 MB
CompressedClassSpaceSize: 416.00 MB
Initial GC threshold: 21.00 MB
Current GC threshold: 104.06 MB
CDS: on
MetaspaceReclaimPolicy: balanced
 - commit_granule_bytes: 65536.
 - commit_granule_words: 8192.
 - virtual_space_node_default_size: 8388608.
 - enlarge_chunks_in_place: 1.
 - new_chunks_are_fully_committed: 0.
 - uncommit_free_chunks: 1.
 - use_allocation_guard: 0.
 - handle_deallocations: 1.


Internal statistics:

num_allocs_failed_limit: 6.
num_arena_births: 1108.
num_arena_deaths: 0.
num_vsnodes_births: 2.
num_vsnodes_deaths: 0.
num_space_committed: 1146.
num_space_uncommitted: 0.
num_chunks_returned_to_freelist: 6.
num_chunks_taken_from_freelist: 4345.
num_chunk_merges: 6.
num_chunk_splits: 2745.
num_chunks_enlarged: 1685.
num_inconsistent_stats: 0.

CodeHeap 'non-profiled nmethods': size=120000Kb used=5689Kb max_used=5906Kb free=114310Kb
 bounds [0x0000027b9a9c0000, 0x0000027b9afa0000, 0x0000027ba1ef0000]
CodeHeap 'profiled nmethods': size=120000Kb used=17511Kb max_used=19884Kb free=102489Kb
 bounds [0x0000027b92ef0000, 0x0000027b94260000, 0x0000027b9a420000]
CodeHeap 'non-nmethods': size=5760Kb used=2381Kb max_used=2455Kb free=3379Kb
 bounds [0x0000027b9a420000, 0x0000027b9a6b0000, 0x0000027b9a9c0000]
 total_blobs=10393 nmethods=9484 adapters=821
 compilation: enabled
              stopped_count=0, restarted_count=0
 full_count=0

Compilation events (20 events):
Event: 30.665 Thread 0x0000027ba98d1ab0 11092       3       groovyjarjarasm.asm.ByteVector::putUTF8 (144 bytes)
Event: 30.667 Thread 0x0000027ba98d1ab0 nmethod 11092 0x0000027b92f49590 code [0x0000027b92f49800, 0x0000027b92f4a328]
Event: 30.667 Thread 0x0000027ba98d1ab0 11091       3       groovyjarjarasm.asm.SymbolTable::put (150 bytes)
Event: 30.668 Thread 0x0000027ba98d1ab0 nmethod 11091 0x0000027b92f21490 code [0x0000027b92f21680, 0x0000027b92f21ef8]
Event: 30.668 Thread 0x0000027ba98d1ab0 11093       3       java.lang.Class::getConstructor (31 bytes)
Event: 30.669 Thread 0x0000027ba98d1ab0 nmethod 11093 0x0000027b92f53e90 code [0x0000027b92f54120, 0x0000027b92f54ac8]
Event: 30.675 Thread 0x0000027bcd858650 nmethod 11088% 0x0000027b9aa19190 code [0x0000027b9aa19340, 0x0000027b9aa19a58]
Event: 30.675 Thread 0x0000027bcd858650 11063       4       java.util.Spliterators$ArraySpliterator::<init> (10 bytes)
Event: 30.677 Thread 0x0000027bcd858650 nmethod 11063 0x0000027b9abb6810 code [0x0000027b9abb6980, 0x0000027b9abb6af8]
Event: 30.677 Thread 0x0000027bcd858650 11060   !   4       org.gradle.cache.internal.btree.BTreePersistentIndexedCache::get (57 bytes)
Event: 30.741 Thread 0x0000027bcd858650 nmethod 11060 0x0000027b9adf3890 code [0x0000027b9adf3b20, 0x0000027b9adf4f40]
Event: 30.749 Thread 0x0000027bcd858650 11094   !   4       java.util.zip.ZipFile::getInputStream (275 bytes)
Event: 30.798 Thread 0x0000027ba98d1ab0 11097   !   3       java.security.AccessController::doPrivileged (26 bytes)
Event: 30.799 Thread 0x0000027ba98d1ab0 nmethod 11097 0x0000027b92fd5990 code [0x0000027b92fd5ba0, 0x0000027b92fd60d8]
Event: 30.822 Thread 0x0000027bcd858650 nmethod 11094 0x0000027b9ae0c090 code [0x0000027b9ae0c300, 0x0000027b9ae0e810]
Event: 30.822 Thread 0x0000027bcd858650 11095       4       java.util.zip.ZipFile$ZipFileInputStream::<init> (96 bytes)
Event: 30.863 Thread 0x0000027ba98d1ab0 11098       3       java.util.ComparableTimSort::reverseRange (32 bytes)
Event: 30.863 Thread 0x0000027ba98d1ab0 nmethod 11098 0x0000027b92f9ec10 code [0x0000027b92f9ede0, 0x0000027b92f9f2d8]
Event: 30.863 Thread 0x0000027ba98d1ab0 11099       3       java.util.HashMap$HashMapSpliterator::getFence (53 bytes)
Event: 30.863 Thread 0x0000027ba98d1ab0 nmethod 11099 0x0000027b93038f90 code [0x0000027b93039120, 0x0000027b930392d8]

GC Heap History (20 events):
Event: 22.110 GC heap before
{Heap before GC invocations=23 (full 0):
 garbage-first heap   total 102400K, used 82088K [0x0000000080000000, 0x0000000100000000)
  region size 1024K, 26 young (26624K), 1 survivors (1024K)
 Metaspace       used 60573K, committed 61184K, reserved 491520K
  class space    used 8578K, committed 8896K, reserved 425984K
}
Event: 22.113 GC heap after
{Heap after GC invocations=24 (full 0):
 garbage-first heap   total 102400K, used 57273K [0x0000000080000000, 0x0000000100000000)
  region size 1024K, 1 young (1024K), 1 survivors (1024K)
 Metaspace       used 60573K, committed 61184K, reserved 491520K
  class space    used 8578K, committed 8896K, reserved 425984K
}
Event: 22.915 GC heap before
{Heap before GC invocations=25 (full 0):
 garbage-first heap   total 102400K, used 86969K [0x0000000080000000, 0x0000000100000000)
  region size 1024K, 27 young (27648K), 1 survivors (1024K)
 Metaspace       used 62054K, committed 62784K, reserved 491520K
  class space    used 8811K, committed 9152K, reserved 425984K
}
Event: 22.918 GC heap after
{Heap after GC invocations=26 (full 0):
 garbage-first heap   total 102400K, used 61399K [0x0000000080000000, 0x0000000100000000)
  region size 1024K, 2 young (2048K), 2 survivors (2048K)
 Metaspace       used 62054K, committed 62784K, reserved 491520K
  class space    used 8811K, committed 9152K, reserved 425984K
}
Event: 23.001 GC heap before
{Heap before GC invocations=26 (full 0):
 garbage-first heap   total 102400K, used 63447K [0x0000000080000000, 0x0000000100000000)
  region size 1024K, 5 young (5120K), 2 survivors (2048K)
 Metaspace       used 62217K, committed 62912K, reserved 491520K
  class space    used 8841K, committed 9152K, reserved 425984K
}
Event: 23.005 GC heap after
{Heap after GC invocations=27 (full 0):
 garbage-first heap   total 102400K, used 61247K [0x0000000080000000, 0x0000000100000000)
  region size 1024K, 1 young (1024K), 1 survivors (1024K)
 Metaspace       used 62217K, committed 62912K, reserved 491520K
  class space    used 8841K, committed 9152K, reserved 425984K
}
Event: 23.773 GC heap before
{Heap before GC invocations=27 (full 0):
 garbage-first heap   total 102400K, used 83775K [0x0000000080000000, 0x0000000100000000)
  region size 1024K, 24 young (24576K), 1 survivors (1024K)
 Metaspace       used 63207K, committed 63936K, reserved 491520K
  class space    used 8995K, committed 9344K, reserved 425984K
}
Event: 23.777 GC heap after
{Heap after GC invocations=28 (full 0):
 garbage-first heap   total 102400K, used 63717K [0x0000000080000000, 0x0000000100000000)
  region size 1024K, 3 young (3072K), 3 survivors (3072K)
 Metaspace       used 63207K, committed 63936K, reserved 491520K
  class space    used 8995K, committed 9344K, reserved 425984K
}
Event: 24.421 GC heap before
{Heap before GC invocations=29 (full 0):
 garbage-first heap   total 111616K, used 83173K [0x0000000080000000, 0x0000000100000000)
  region size 1024K, 23 young (23552K), 3 survivors (3072K)
 Metaspace       used 64117K, committed 64832K, reserved 491520K
  class space    used 9108K, committed 9472K, reserved 425984K
}
Event: 24.426 GC heap after
{Heap after GC invocations=30 (full 0):
 garbage-first heap   total 111616K, used 65213K [0x0000000080000000, 0x0000000100000000)
  region size 1024K, 3 young (3072K), 3 survivors (3072K)
 Metaspace       used 64117K, committed 64832K, reserved 491520K
  class space    used 9108K, committed 9472K, reserved 425984K
}
Event: 24.558 GC heap before
{Heap before GC invocations=30 (full 0):
 garbage-first heap   total 111616K, used 67261K [0x0000000080000000, 0x0000000100000000)
  region size 1024K, 5 young (5120K), 3 survivors (3072K)
 Metaspace       used 64223K, committed 64960K, reserved 491520K
  class space    used 9120K, committed 9472K, reserved 425984K
}
Event: 24.562 GC heap after
{Heap after GC invocations=31 (full 0):
 garbage-first heap   total 111616K, used 65419K [0x0000000080000000, 0x0000000100000000)
  region size 1024K, 1 young (1024K), 1 survivors (1024K)
 Metaspace       used 64223K, committed 64960K, reserved 491520K
  class space    used 9120K, committed 9472K, reserved 425984K
}
Event: 25.476 GC heap before
{Heap before GC invocations=31 (full 0):
 garbage-first heap   total 111616K, used 89995K [0x0000000080000000, 0x0000000100000000)
  region size 1024K, 26 young (26624K), 1 survivors (1024K)
 Metaspace       used 65431K, committed 66240K, reserved 491520K
  class space    used 9285K, committed 9664K, reserved 425984K
}
Event: 25.482 GC heap after
{Heap after GC invocations=32 (full 0):
 garbage-first heap   total 190464K, used 68700K [0x0000000080000000, 0x0000000100000000)
  region size 1024K, 4 young (4096K), 4 survivors (4096K)
 Metaspace       used 65431K, committed 66240K, reserved 491520K
  class space    used 9285K, committed 9664K, reserved 425984K
}
Event: 27.451 GC heap before
{Heap before GC invocations=32 (full 0):
 garbage-first heap   total 190464K, used 137308K [0x0000000080000000, 0x0000000100000000)
  region size 1024K, 71 young (72704K), 4 survivors (4096K)
 Metaspace       used 70143K, committed 70848K, reserved 491520K
  class space    used 10033K, committed 10368K, reserved 425984K
}
Event: 27.464 GC heap after
{Heap after GC invocations=33 (full 0):
 garbage-first heap   total 190464K, used 73898K [0x0000000080000000, 0x0000000100000000)
  region size 1024K, 9 young (9216K), 9 survivors (9216K)
 Metaspace       used 70143K, committed 70848K, reserved 491520K
  class space    used 10033K, committed 10368K, reserved 425984K
}
Event: 29.524 GC heap before
{Heap before GC invocations=33 (full 0):
 garbage-first heap   total 190464K, used 140458K [0x0000000080000000, 0x0000000100000000)
  region size 1024K, 75 young (76800K), 9 survivors (9216K)
 Metaspace       used 72169K, committed 73088K, reserved 491520K
  class space    used 10235K, committed 10688K, reserved 425984K
}
Event: 29.540 GC heap after
{Heap after GC invocations=34 (full 0):
 garbage-first heap   total 190464K, used 80053K [0x0000000080000000, 0x0000000100000000)
  region size 1024K, 10 young (10240K), 10 survivors (10240K)
 Metaspace       used 72169K, committed 73088K, reserved 491520K
  class space    used 10235K, committed 10688K, reserved 425984K
}
Event: 30.177 GC heap before
{Heap before GC invocations=34 (full 0):
 garbage-first heap   total 190464K, used 143541K [0x0000000080000000, 0x0000000100000000)
  region size 1024K, 73 young (74752K), 10 survivors (10240K)
 Metaspace       used 72345K, committed 73216K, reserved 491520K
  class space    used 10235K, committed 10688K, reserved 425984K
}
Event: 30.188 GC heap after
{Heap after GC invocations=35 (full 0):
 garbage-first heap   total 190464K, used 84239K [0x0000000080000000, 0x0000000100000000)
  region size 1024K, 5 young (5120K), 5 survivors (5120K)
 Metaspace       used 72345K, committed 73216K, reserved 491520K
  class space    used 10235K, committed 10688K, reserved 425984K
}

Dll operation events (15 events):
Event: 0.018 Loaded shared library C:\Program Files\Microsoft\jdk-17.0.13.11-hotspot\bin\java.dll
Event: 0.039 Loaded shared library C:\Program Files\Microsoft\jdk-17.0.13.11-hotspot\bin\jsvml.dll
Event: 0.110 Loaded shared library C:\Program Files\Microsoft\jdk-17.0.13.11-hotspot\bin\zip.dll
Event: 0.113 Loaded shared library C:\Program Files\Microsoft\jdk-17.0.13.11-hotspot\bin\instrument.dll
Event: 0.117 Loaded shared library C:\Program Files\Microsoft\jdk-17.0.13.11-hotspot\bin\net.dll
Event: 0.119 Loaded shared library C:\Program Files\Microsoft\jdk-17.0.13.11-hotspot\bin\nio.dll
Event: 0.122 Loaded shared library C:\Program Files\Microsoft\jdk-17.0.13.11-hotspot\bin\zip.dll
Event: 0.470 Loaded shared library C:\Program Files\Microsoft\jdk-17.0.13.11-hotspot\bin\jimage.dll
Event: 0.746 Loaded shared library C:\Program Files\Microsoft\jdk-17.0.13.11-hotspot\bin\verify.dll
Event: 0.987 Loaded shared library C:\Users\Bullet\.gradle\native\c067742578af261105cb4f569cf0c3c89f3d7b1fecec35dd04571415982c5e48\windows-amd64\native-platform.dll
Event: 0.994 Loaded shared library C:\Users\Bullet\.gradle\native\100fb08df4bc3b14c8652ba06237920a3bd2aa13389f12d3474272988ae205f9\windows-amd64\native-platform-file-events.dll
Event: 3.783 Loaded shared library C:\Program Files\Microsoft\jdk-17.0.13.11-hotspot\bin\management.dll
Event: 3.788 Loaded shared library C:\Program Files\Microsoft\jdk-17.0.13.11-hotspot\bin\management_ext.dll
Event: 4.187 Loaded shared library C:\Program Files\Microsoft\jdk-17.0.13.11-hotspot\bin\extnet.dll
Event: 6.427 Loaded shared library C:\Program Files\Microsoft\jdk-17.0.13.11-hotspot\bin\sunmscapi.dll

Deoptimization events (20 events):
Event: 30.661 Thread 0x0000027bc95945a0 Uncommon trap: trap_request=0xffffff76 fr.pc=0x0000027b9af3de1c relative=0x00000000000003dc
Event: 30.661 Thread 0x0000027bc95945a0 Uncommon trap: reason=predicate action=maybe_recompile pc=0x0000027b9af3de1c method=java.util.AbstractCollection.toArray([Ljava/lang/Object;)[Ljava/lang/Object; @ 43 c2
Event: 30.661 Thread 0x0000027bc95945a0 DEOPT PACKING pc=0x0000027b9af3de1c sp=0x000000fa884f8770
Event: 30.661 Thread 0x0000027bc95945a0 DEOPT UNPACKING pc=0x0000027b9a4769a3 sp=0x000000fa884f8728 mode 2
Event: 30.796 Thread 0x0000027bc95945a0 Uncommon trap: trap_request=0xffffffec fr.pc=0x0000027b9aa18070 relative=0x0000000000000190
Event: 30.796 Thread 0x0000027bc95945a0 Uncommon trap: reason=null_assert_or_unreached0 action=make_not_entrant pc=0x0000027b9aa18070 method=java.security.AccessController.doPrivileged(Ljava/security/PrivilegedExceptionAction;Ljava/security/AccessControlContext;)Ljava/lang/Object; @ 25 c2
Event: 30.796 Thread 0x0000027bc95945a0 DEOPT PACKING pc=0x0000027b9aa18070 sp=0x000000fa884f7f40
Event: 30.796 Thread 0x0000027bc95945a0 DEOPT UNPACKING pc=0x0000027b9a4769a3 sp=0x000000fa884f7e60 mode 2
Event: 30.796 Thread 0x0000027bc95945a0 Uncommon trap: trap_request=0x00000091 fr.pc=0x0000027b9ac2ce34 relative=0x00000000000031d4
Event: 30.796 Thread 0x0000027bc95945a0 Uncommon trap: reason=unloaded action=reinterpret pc=0x0000027b9ac2ce34 method=java.security.AccessController.wrapException(Ljava/lang/Exception;)Ljava/security/PrivilegedActionException; @ 0 c2
Event: 30.796 Thread 0x0000027bc95945a0 DEOPT PACKING pc=0x0000027b9ac2ce34 sp=0x000000fa884f80e0
Event: 30.796 Thread 0x0000027bc95945a0 DEOPT UNPACKING pc=0x0000027b9a4769a3 sp=0x000000fa884f7f90 mode 2
Event: 30.796 Thread 0x0000027bc95945a0 Uncommon trap: trap_request=0x00000091 fr.pc=0x0000027b9ab19840 relative=0x0000000000000100
Event: 30.796 Thread 0x0000027bc95945a0 Uncommon trap: reason=unloaded action=reinterpret pc=0x0000027b9ab19840 method=java.security.AccessController.wrapException(Ljava/lang/Exception;)Ljava/security/PrivilegedActionException; @ 0 c2
Event: 30.796 Thread 0x0000027bc95945a0 DEOPT PACKING pc=0x0000027b9ab19840 sp=0x000000fa884f7db0
Event: 30.796 Thread 0x0000027bc95945a0 DEOPT UNPACKING pc=0x0000027b9a4769a3 sp=0x000000fa884f7cf8 mode 2
Event: 30.797 Thread 0x0000027bc95945a0 Uncommon trap: trap_request=0x00000091 fr.pc=0x0000027b9ab19840 relative=0x0000000000000100
Event: 30.797 Thread 0x0000027bc95945a0 Uncommon trap: reason=unloaded action=reinterpret pc=0x0000027b9ab19840 method=java.security.AccessController.wrapException(Ljava/lang/Exception;)Ljava/security/PrivilegedActionException; @ 0 c2
Event: 30.797 Thread 0x0000027bc95945a0 DEOPT PACKING pc=0x0000027b9ab19840 sp=0x000000fa884f8040
Event: 30.797 Thread 0x0000027bc95945a0 DEOPT UNPACKING pc=0x0000027b9a4769a3 sp=0x000000fa884f7f78 mode 2

Classes loaded (20 events):
Event: 28.215 Loading class jdk/internal/vm/annotation/ForceInline
Event: 28.215 Loading class jdk/internal/vm/annotation/ForceInline done
Event: 28.231 Loading class java/util/AbstractMap$2
Event: 28.231 Loading class java/util/AbstractMap$2 done
Event: 28.231 Loading class java/util/AbstractMap$2$1
Event: 28.231 Loading class java/util/AbstractMap$2$1 done
Event: 28.487 Loading class java/util/AbstractCollectionBeanInfo
Event: 28.487 Loading class java/util/AbstractCollectionBeanInfo done
Event: 28.487 Loading class java/util/AbstractCollectionBeanInfo
Event: 28.487 Loading class java/util/AbstractCollectionBeanInfo done
Event: 28.488 Loading class java/util/AbstractCollectionCustomizer
Event: 28.488 Loading class java/util/AbstractCollectionCustomizer done
Event: 28.488 Loading class java/util/AbstractCollectionCustomizer
Event: 28.488 Loading class java/util/AbstractCollectionCustomizer done
Event: 28.489 Loading class sun/reflect/generics/reflectiveObjects/GenericArrayTypeImpl
Event: 28.489 Loading class sun/reflect/generics/reflectiveObjects/GenericArrayTypeImpl done
Event: 28.945 Loading class java/util/Collections$ReverseComparator
Event: 28.945 Loading class java/util/Collections$ReverseComparator done
Event: 28.945 Loading class java/util/Collections$ReverseComparator2
Event: 28.945 Loading class java/util/Collections$ReverseComparator2 done

Classes unloaded (0 events):
No events

Classes redefined (0 events):
No events

Internal exceptions (20 events):
Event: 28.487 Thread 0x0000027bc95945a0 Exception <a 'java/lang/ClassNotFoundException'{0x00000000893f5010}: org/gradle/api/internal/DefaultDomainObjectCollectionBeanInfo> (0x00000000893f5010) 
thrown [s\src\hotspot\share\classfile\systemDictionary.cpp, line 256]
Event: 28.487 Thread 0x0000027bc95945a0 Exception <a 'java/lang/ClassNotFoundException'{0x00000000893fcde0}: java/util/AbstractCollectionBeanInfo> (0x00000000893fcde0) 
thrown [s\src\hotspot\share\classfile\systemDictionary.cpp, line 256]
Event: 28.488 Thread 0x0000027bc95945a0 Exception <a 'java/lang/ClassNotFoundException'{0x0000000089204db8}: java/util/AbstractCollectionCustomizer> (0x0000000089204db8) 
thrown [s\src\hotspot\share\classfile\systemDictionary.cpp, line 256]
Event: 28.492 Thread 0x0000027bc95945a0 Exception <a 'java/lang/ClassNotFoundException'{0x0000000089224428}: org/gradle/api/internal/DefaultDomainObjectCollectionCustomizer> (0x0000000089224428) 
thrown [s\src\hotspot\share\classfile\systemDictionary.cpp, line 256]
Event: 28.496 Thread 0x0000027bc95945a0 Exception <a 'java/lang/ClassNotFoundException'{0x000000008925a2d8}: org/gradle/api/internal/DefaultNamedDomainObjectCollectionCustomizer> (0x000000008925a2d8) 
thrown [s\src\hotspot\share\classfile\systemDictionary.cpp, line 256]
Event: 28.501 Thread 0x0000027bc95945a0 Exception <a 'java/lang/ClassNotFoundException'{0x0000000089298dd8}: org/gradle/api/internal/DefaultNamedDomainObjectListCustomizer> (0x0000000089298dd8) 
thrown [s\src\hotspot\share\classfile\systemDictionary.cpp, line 256]
Event: 28.505 Thread 0x0000027bc95945a0 Exception <a 'java/lang/ClassNotFoundException'{0x00000000892ce570}: org/gradle/api/internal/artifacts/DefaultArtifactRepositoryContainerCustomizer> (0x00000000892ce570) 
thrown [s\src\hotspot\share\classfile\systemDictionary.cpp, line 256]
Event: 28.509 Thread 0x0000027bc95945a0 Exception <a 'java/lang/ClassNotFoundException'{0x00000000892f8458}: org/gradle/api/internal/artifacts/dsl/DefaultRepositoryHandlerCustomizer> (0x00000000892f8458) 
thrown [s\src\hotspot\share\classfile\systemDictionary.cpp, line 256]
Event: 28.512 Thread 0x0000027bc95945a0 Exception <a 'java/lang/ClassNotFoundException'{0x0000000089130c68}: org/gradle/api/internal/artifacts/dsl/DefaultRepositoryHandler_DecoratedCustomizer> (0x0000000089130c68) 
thrown [s\src\hotspot\share\classfile\systemDictionary.cpp, line 256]
Event: 28.534 Thread 0x0000027bc95945a0 Exception <a 'java/lang/ClassNotFoundException'{0x00000000891d8628}: org/gradle/api/internal/artifacts/dsl/dependencies/DefaultDependencyHandler_DecoratedBeanInfo> (0x00000000891d8628) 
thrown [s\src\hotspot\share\classfile\systemDictionary.cpp, line 256]
Event: 28.536 Thread 0x0000027bc95945a0 Exception <a 'java/lang/ClassNotFoundException'{0x00000000891f0280}: org/gradle/api/internal/artifacts/dsl/dependencies/DefaultDependencyHandlerBeanInfo> (0x00000000891f0280) 
thrown [s\src\hotspot\share\classfile\systemDictionary.cpp, line 256]
Event: 28.538 Thread 0x0000027bc95945a0 Exception <a 'java/lang/ClassNotFoundException'{0x0000000089007658}: org/gradle/api/internal/artifacts/dsl/dependencies/DefaultDependencyHandlerCustomizer> (0x0000000089007658) 
thrown [s\src\hotspot\share\classfile\systemDictionary.cpp, line 256]
Event: 28.543 Thread 0x0000027bc95945a0 Exception <a 'java/lang/ClassNotFoundException'{0x0000000089046b98}: org/gradle/api/internal/artifacts/dsl/dependencies/DefaultDependencyHandler_DecoratedCustomizer> (0x0000000089046b98) 
thrown [s\src\hotspot\share\classfile\systemDictionary.cpp, line 256]
Event: 29.418 Thread 0x0000027bcdcd4d80 Exception <a 'sun/nio/fs/WindowsException'{0x0000000087daf7a8}> (0x0000000087daf7a8) 
thrown [s\src\hotspot\share\prims\jni.cpp, line 516]
Event: 29.418 Thread 0x0000027bcdcd4d80 Exception <a 'sun/nio/fs/WindowsException'{0x0000000087db2310}> (0x0000000087db2310) 
thrown [s\src\hotspot\share\prims\jni.cpp, line 516]
Event: 29.419 Thread 0x0000027bcdcd4d80 Exception <a 'sun/nio/fs/WindowsException'{0x0000000087db4c28}> (0x0000000087db4c28) 
thrown [s\src\hotspot\share\prims\jni.cpp, line 516]
Event: 29.419 Thread 0x0000027bcdcd4d80 Exception <a 'sun/nio/fs/WindowsException'{0x0000000087db7178}> (0x0000000087db7178) 
thrown [s\src\hotspot\share\prims\jni.cpp, line 516]
Event: 29.776 Thread 0x0000027bcbf492e0 Implicit null exception at 0x0000027b9af54caa to 0x0000027b9af553a0
Event: 30.659 Thread 0x0000027bc95945a0 Exception <a 'java/lang/ClassNotFoundException'{0x00000000883a6dc0}: build_d9k44sig3ajvq7b7lq5w902juBeanInfo> (0x00000000883a6dc0) 
thrown [s\src\hotspot\share\classfile\systemDictionary.cpp, line 256]
Event: 30.660 Thread 0x0000027bc95945a0 Exception <a 'java/lang/ClassNotFoundException'{0x00000000883adeb0}: build_d9k44sig3ajvq7b7lq5w902juCustomizer> (0x00000000883adeb0) 
thrown [s\src\hotspot\share\classfile\systemDictionary.cpp, line 256]

VM Operations (20 events):
Event: 29.158 Executing VM operation: ICBufferFull
Event: 29.159 Executing VM operation: ICBufferFull done
Event: 29.375 Executing VM operation: ICBufferFull
Event: 29.375 Executing VM operation: ICBufferFull done
Event: 29.523 Executing VM operation: G1CollectForAllocation
Event: 29.540 Executing VM operation: G1CollectForAllocation done
Event: 30.019 Executing VM operation: ICBufferFull
Event: 30.019 Executing VM operation: ICBufferFull done
Event: 30.094 Executing VM operation: HandshakeAllThreads
Event: 30.095 Executing VM operation: HandshakeAllThreads done
Event: 30.122 Executing VM operation: HandshakeAllThreads
Event: 30.123 Executing VM operation: HandshakeAllThreads done
Event: 30.159 Executing VM operation: HandshakeAllThreads
Event: 30.169 Executing VM operation: HandshakeAllThreads done
Event: 30.177 Executing VM operation: G1CollectForAllocation
Event: 30.188 Executing VM operation: G1CollectForAllocation done
Event: 30.795 Executing VM operation: HandshakeAllThreads
Event: 30.795 Executing VM operation: HandshakeAllThreads done
Event: 31.805 Executing VM operation: Cleanup
Event: 31.805 Executing VM operation: Cleanup done

Memory protections (0 events):
No events

Nmethod flushes (20 events):
Event: 30.199 Thread 0x0000027ba98d63e0 flushing  nmethod 0x0000027b93dc4310
Event: 30.199 Thread 0x0000027ba98d63e0 flushing  nmethod 0x0000027b93ddf410
Event: 30.199 Thread 0x0000027ba98d63e0 flushing  nmethod 0x0000027b93de5310
Event: 30.199 Thread 0x0000027ba98d63e0 flushing  nmethod 0x0000027b93df6b10
Event: 30.199 Thread 0x0000027ba98d63e0 flushing  nmethod 0x0000027b93df8010
Event: 30.199 Thread 0x0000027ba98d63e0 flushing  nmethod 0x0000027b93e14410
Event: 30.199 Thread 0x0000027ba98d63e0 flushing  nmethod 0x0000027b93e28a90
Event: 30.199 Thread 0x0000027ba98d63e0 flushing  nmethod 0x0000027b93e31e90
Event: 30.199 Thread 0x0000027ba98d63e0 flushing  nmethod 0x0000027b93e55010
Event: 30.199 Thread 0x0000027ba98d63e0 flushing  nmethod 0x0000027b93e59290
Event: 30.199 Thread 0x0000027ba98d63e0 flushing  nmethod 0x0000027b93e69410
Event: 30.200 Thread 0x0000027ba98d63e0 flushing  nmethod 0x0000027b93ee3a10
Event: 30.200 Thread 0x0000027ba98d63e0 flushing  nmethod 0x0000027b93f5de10
Event: 30.200 Thread 0x0000027ba98d63e0 flushing  nmethod 0x0000027b93f95390
Event: 30.201 Thread 0x0000027ba98d63e0 flushing  nmethod 0x0000027b93f98390
Event: 30.201 Thread 0x0000027ba98d63e0 flushing  nmethod 0x0000027b93fa3c90
Event: 30.201 Thread 0x0000027ba98d63e0 flushing  nmethod 0x0000027b93fc1710
Event: 30.202 Thread 0x0000027ba98d63e0 flushing  nmethod 0x0000027b94099890
Event: 30.202 Thread 0x0000027ba98d63e0 flushing  nmethod 0x0000027b94106b90
Event: 30.202 Thread 0x0000027ba98d63e0 flushing  nmethod 0x0000027b94139e10

Events (20 events):
Event: 27.720 Thread 0x0000027bc95945a0 Thread added: 0x0000027bcc880d50
Event: 27.721 Thread 0x0000027bc95945a0 Thread added: 0x0000027bcc883ae0
Event: 27.721 Thread 0x0000027bc95945a0 Thread added: 0x0000027bcc880330
Event: 27.722 Thread 0x0000027bc95945a0 Thread added: 0x0000027bcc883ff0
Event: 27.784 Thread 0x0000027bc95945a0 Thread added: 0x0000027bcc880840
Event: 27.785 Thread 0x0000027bc95945a0 Thread added: 0x0000027bcc884500
Event: 27.786 Thread 0x0000027bc95945a0 Thread added: 0x0000027bcc884a10
Event: 27.787 Thread 0x0000027bc95945a0 Thread added: 0x0000027bcc881260
Event: 27.788 Thread 0x0000027bc95945a0 Thread added: 0x0000027bcc885e50
Event: 27.788 Thread 0x0000027bc95945a0 Thread added: 0x0000027bcc884f20
Event: 27.789 Thread 0x0000027bc95945a0 Thread added: 0x0000027bcc885430
Event: 27.937 Thread 0x0000027bc95945a0 Thread added: 0x0000027bcc886d80
Event: 28.191 Thread 0x0000027bce1e8ed0 Thread exited: 0x0000027bce1e8ed0
Event: 28.282 Thread 0x0000027ba98d1ab0 Thread added: 0x0000027bcd858650
Event: 28.320 Thread 0x0000027bc95945a0 Thread added: 0x0000027bcc885940
Event: 29.105 Thread 0x0000027ba98d1ab0 Thread added: 0x0000027bcd817ce0
Event: 29.331 Thread 0x0000027bcdcd4d80 Thread added: 0x0000027bcc886360
Event: 29.331 Thread 0x0000027bcdcd4d80 Thread added: 0x0000027bcc886870
Event: 29.331 Thread 0x0000027bcdcd4d80 Thread added: 0x0000027bcc8877a0
Event: 30.644 Thread 0x0000027bc95945a0 Thread added: 0x0000027bce4b3e30


Dynamic libraries:
0x00007ff63b850000 - 0x00007ff63b85e000 	C:\Program Files\Microsoft\jdk-17.0.13.11-hotspot\bin\java.exe
0x00007fff0d760000 - 0x00007fff0d9c3000 	C:\WINDOWS\SYSTEM32\ntdll.dll
0x00007fff0c120000 - 0x00007fff0c1e7000 	C:\WINDOWS\System32\KERNEL32.DLL
0x00007fff0ae50000 - 0x00007fff0b217000 	C:\WINDOWS\System32\KERNELBASE.dll
0x00007fff0b220000 - 0x00007fff0b36c000 	C:\WINDOWS\System32\ucrtbase.dll
0x00007ffef6880000 - 0x00007ffef6897000 	C:\Program Files\Microsoft\jdk-17.0.13.11-hotspot\bin\jli.dll
0x00007fff0b6d0000 - 0x00007fff0b899000 	C:\WINDOWS\System32\USER32.dll
0x00007fff0b400000 - 0x00007fff0b427000 	C:\WINDOWS\System32\win32u.dll
0x00007fff0cb10000 - 0x00007fff0cb3a000 	C:\WINDOWS\System32\GDI32.dll
0x00007ffef68a0000 - 0x00007ffef68bd000 	C:\Program Files\Microsoft\jdk-17.0.13.11-hotspot\bin\VCRUNTIME140.dll
0x00007fff0aba0000 - 0x00007fff0accb000 	C:\WINDOWS\System32\gdi32full.dll
0x00007fff0b430000 - 0x00007fff0b4d3000 	C:\WINDOWS\System32\msvcp_win.dll
0x00007ffef4290000 - 0x00007ffef4520000 	C:\WINDOWS\WinSxS\amd64_microsoft.windows.common-controls_6595b64144ccf1df_6.0.26100.3037_none_3e09262ce333c378\COMCTL32.dll
0x00007fff0cff0000 - 0x00007fff0d099000 	C:\WINDOWS\System32\msvcrt.dll
0x00007fff0c9b0000 - 0x00007fff0c9df000 	C:\WINDOWS\System32\IMM32.DLL
0x00007fff02500000 - 0x00007fff0250c000 	C:\Program Files\Microsoft\jdk-17.0.13.11-hotspot\bin\vcruntime140_1.dll
0x00007ffeb5420000 - 0x00007ffeb54ad000 	C:\Program Files\Microsoft\jdk-17.0.13.11-hotspot\bin\msvcp140.dll
0x00007ffe7aa30000 - 0x00007ffe7b6a1000 	C:\Program Files\Microsoft\jdk-17.0.13.11-hotspot\bin\server\jvm.dll
0x00007fff0c060000 - 0x00007fff0c114000 	C:\WINDOWS\System32\ADVAPI32.dll
0x00007fff0b8a0000 - 0x00007fff0b946000 	C:\WINDOWS\System32\sechost.dll
0x00007fff0c9f0000 - 0x00007fff0cb06000 	C:\WINDOWS\System32\RPCRT4.dll
0x00007fff0c930000 - 0x00007fff0c9a4000 	C:\WINDOWS\System32\WS2_32.dll
0x00007fff0a7d0000 - 0x00007fff0a81e000 	C:\WINDOWS\SYSTEM32\POWRPROF.dll
0x00007ffef3ef0000 - 0x00007ffef3f26000 	C:\WINDOWS\SYSTEM32\WINMM.dll
0x00007fff03860000 - 0x00007fff0386b000 	C:\WINDOWS\SYSTEM32\VERSION.dll
0x00007fff0a7b0000 - 0x00007fff0a7c4000 	C:\WINDOWS\SYSTEM32\UMPDC.dll
0x00007fff098f0000 - 0x00007fff0990a000 	C:\WINDOWS\SYSTEM32\kernel.appcore.dll
0x00007ffef66b0000 - 0x00007ffef66ba000 	C:\Program Files\Microsoft\jdk-17.0.13.11-hotspot\bin\jimage.dll
0x00007ffed5a40000 - 0x00007ffed5c81000 	C:\WINDOWS\SYSTEM32\DBGHELP.DLL
0x00007fff0c3c0000 - 0x00007fff0c73e000 	C:\WINDOWS\System32\combase.dll
0x00007fff0c830000 - 0x00007fff0c906000 	C:\WINDOWS\System32\OLEAUT32.dll
0x00007fff07b60000 - 0x00007fff07b99000 	C:\WINDOWS\SYSTEM32\dbgcore.DLL
0x00007fff0ab00000 - 0x00007fff0ab99000 	C:\WINDOWS\System32\bcryptPrimitives.dll
0x00007ffee9ef0000 - 0x00007ffee9efe000 	C:\Program Files\Microsoft\jdk-17.0.13.11-hotspot\bin\instrument.dll
0x00007ffeee7f0000 - 0x00007ffeee815000 	C:\Program Files\Microsoft\jdk-17.0.13.11-hotspot\bin\java.dll
0x00007ffeb4270000 - 0x00007ffeb4347000 	C:\Program Files\Microsoft\jdk-17.0.13.11-hotspot\bin\jsvml.dll
0x00007fff0b950000 - 0x00007fff0c054000 	C:\WINDOWS\System32\SHELL32.dll
0x00007fff087e0000 - 0x00007fff09017000 	C:\WINDOWS\SYSTEM32\windows.storage.dll
0x00007fff0cdd0000 - 0x00007fff0ceb9000 	C:\WINDOWS\System32\SHCORE.dll
0x00007fff0b5a0000 - 0x00007fff0b5fd000 	C:\WINDOWS\System32\shlwapi.dll
0x00007fff0aa10000 - 0x00007fff0aa3e000 	C:\WINDOWS\SYSTEM32\profapi.dll
0x00007ffee2e50000 - 0x00007ffee2e68000 	C:\Program Files\Microsoft\jdk-17.0.13.11-hotspot\bin\zip.dll
0x00007ffeee7d0000 - 0x00007ffeee7ea000 	C:\Program Files\Microsoft\jdk-17.0.13.11-hotspot\bin\net.dll
0x00007fff046f0000 - 0x00007fff0480e000 	C:\WINDOWS\SYSTEM32\WINHTTP.dll
0x00007fff09de0000 - 0x00007fff09e4a000 	C:\WINDOWS\system32\mswsock.dll
0x00007ffeee7b0000 - 0x00007ffeee7c6000 	C:\Program Files\Microsoft\jdk-17.0.13.11-hotspot\bin\nio.dll
0x00007ffef4fc0000 - 0x00007ffef4fd0000 	C:\Program Files\Microsoft\jdk-17.0.13.11-hotspot\bin\verify.dll
0x00007ffed1d80000 - 0x00007ffed1da7000 	C:\Users\Bullet\.gradle\native\c067742578af261105cb4f569cf0c3c89f3d7b1fecec35dd04571415982c5e48\windows-amd64\native-platform.dll
0x00007ffeb3af0000 - 0x00007ffeb3c34000 	C:\Users\Bullet\.gradle\native\100fb08df4bc3b14c8652ba06237920a3bd2aa13389f12d3474272988ae205f9\windows-amd64\native-platform-file-events.dll
0x00007ffeeea00000 - 0x00007ffeeea0a000 	C:\Program Files\Microsoft\jdk-17.0.13.11-hotspot\bin\management.dll
0x00007ffeeac10000 - 0x00007ffeeac1b000 	C:\Program Files\Microsoft\jdk-17.0.13.11-hotspot\bin\management_ext.dll
0x00007fff0d710000 - 0x00007fff0d718000 	C:\WINDOWS\System32\PSAPI.DLL
0x00007fff0a190000 - 0x00007fff0a1ac000 	C:\WINDOWS\SYSTEM32\CRYPTSP.dll
0x00007fff09850000 - 0x00007fff09888000 	C:\WINDOWS\system32\rsaenh.dll
0x00007fff09e80000 - 0x00007fff09eab000 	C:\WINDOWS\SYSTEM32\USERENV.dll
0x00007fff0a320000 - 0x00007fff0a346000 	C:\WINDOWS\SYSTEM32\bcrypt.dll
0x00007fff0a010000 - 0x00007fff0a01c000 	C:\WINDOWS\SYSTEM32\CRYPTBASE.dll
0x00007fff09310000 - 0x00007fff09342000 	C:\WINDOWS\SYSTEM32\IPHLPAPI.DLL
0x00007fff0b610000 - 0x00007fff0b61a000 	C:\WINDOWS\System32\NSI.dll
0x00007fff046c0000 - 0x00007fff046df000 	C:\WINDOWS\SYSTEM32\dhcpcsvc6.DLL
0x00007fff04520000 - 0x00007fff04545000 	C:\WINDOWS\SYSTEM32\dhcpcsvc.DLL
0x00007fff09350000 - 0x00007fff09475000 	C:\WINDOWS\SYSTEM32\DNSAPI.dll
0x00007ffeea240000 - 0x00007ffeea249000 	C:\Program Files\Microsoft\jdk-17.0.13.11-hotspot\bin\extnet.dll
0x00007ffee7f70000 - 0x00007ffee7f7e000 	C:\Program Files\Microsoft\jdk-17.0.13.11-hotspot\bin\sunmscapi.dll
0x00007fff0acd0000 - 0x00007fff0ae46000 	C:\WINDOWS\System32\CRYPT32.dll
0x00007fff0a2e0000 - 0x00007fff0a310000 	C:\WINDOWS\SYSTEM32\ncrypt.dll
0x00007fff0a290000 - 0x00007fff0a2cf000 	C:\WINDOWS\SYSTEM32\NTASN1.dll
0x00007ffea14c0000 - 0x00007ffea14c8000 	C:\WINDOWS\system32\wshunix.dll
0x00007ffef5510000 - 0x00007ffef5528000 	C:\WINDOWS\system32\napinsp.dll
0x00007ffef52e0000 - 0x00007ffef52f2000 	C:\WINDOWS\System32\winrnr.dll
0x00007ffef5400000 - 0x00007ffef5422000 	C:\WINDOWS\system32\nlansp_c.dll
0x00007ffef5370000 - 0x00007ffef5386000 	C:\WINDOWS\system32\wshbth.dll
0x00007fff02540000 - 0x00007fff0254b000 	C:\Windows\System32\rasadhlp.dll
0x00007fff03360000 - 0x00007fff033e5000 	C:\WINDOWS\System32\fwpuclnt.dll

dbghelp: loaded successfully - version: 4.0.5 - missing functions: none
symbol engine: initialized successfully - sym options: 0x614 - pdb path: .;C:\Program Files\Microsoft\jdk-17.0.13.11-hotspot\bin;C:\WINDOWS\SYSTEM32;C:\WINDOWS\WinSxS\amd64_microsoft.windows.common-controls_6595b64144ccf1df_6.0.26100.3037_none_3e09262ce333c378;C:\Program Files\Microsoft\jdk-17.0.13.11-hotspot\bin\server;C:\Users\Bullet\.gradle\native\c067742578af261105cb4f569cf0c3c89f3d7b1fecec35dd04571415982c5e48\windows-amd64;C:\Users\Bullet\.gradle\native\100fb08df4bc3b14c8652ba06237920a3bd2aa13389f12d3474272988ae205f9\windows-amd64

VM Arguments:
jvm_args: -XX:MaxMetaspaceSize=512m --add-opens=java.base/java.util=ALL-UNNAMED --add-opens=java.base/java.lang=ALL-UNNAMED --add-opens=java.base/java.lang.invoke=ALL-UNNAMED --add-opens=java.prefs/java.util.prefs=ALL-UNNAMED --add-exports=jdk.compiler/com.sun.tools.javac.api=ALL-UNNAMED --add-exports=jdk.compiler/com.sun.tools.javac.util=ALL-UNNAMED --add-opens=java.base/java.nio.charset=ALL-UNNAMED --add-opens=java.base/java.net=ALL-UNNAMED --add-opens=java.base/java.util.concurrent.atomic=ALL-UNNAMED -Xmx2048m -Dfile.encoding=windows-1251 -Duser.country=US -Duser.language=en -Duser.variant -javaagent:C:\Users\Bullet\.gradle\wrapper\dists\gradle-8.10.2-all\7iv73wktx1xtkvlq19urqw1wm\gradle-8.10.2\lib\agents\gradle-instrumentation-agent-8.10.2.jar 
java_command: org.gradle.launcher.daemon.bootstrap.GradleDaemon 8.10.2
java_class_path (initial): C:\Users\Bullet\.gradle\wrapper\dists\gradle-8.10.2-all\7iv73wktx1xtkvlq19urqw1wm\gradle-8.10.2\lib\gradle-daemon-main-8.10.2.jar
Launcher Type: SUN_STANDARD

[Global flags]
     intx CICompilerCount                          = 4                                         {product} {ergonomic}
   size_t CompressedClassSpaceSize                 = 436207616                                 {product} {ergonomic}
     uint ConcGCThreads                            = 2                                         {product} {ergonomic}
     uint G1ConcRefinementThreads                  = 8                                         {product} {ergonomic}
   size_t G1HeapRegionSize                         = 1048576                                   {product} {ergonomic}
    uintx GCDrainStackTargetSize                   = 64                                        {product} {ergonomic}
   size_t InitialHeapSize                          = 266338304                                 {product} {ergonomic}
   size_t MarkStackSize                            = 4194304                                   {product} {ergonomic}
   size_t MaxHeapSize                              = 2147483648                                {product} {command line}
   size_t MaxMetaspaceSize                         = 536870912                                 {product} {command line}
   size_t MaxNewSize                               = 1287651328                                {product} {ergonomic}
   size_t MinHeapDeltaBytes                        = 1048576                                   {product} {ergonomic}
   size_t MinHeapSize                              = 8388608                                   {product} {ergonomic}
    uintx NonNMethodCodeHeapSize                   = 5839372                                {pd product} {ergonomic}
    uintx NonProfiledCodeHeapSize                  = 122909434                              {pd product} {ergonomic}
    uintx ProfiledCodeHeapSize                     = 122909434                              {pd product} {ergonomic}
    uintx ReservedCodeCacheSize                    = 251658240                              {pd product} {ergonomic}
     bool SegmentedCodeCache                       = true                                      {product} {ergonomic}
   size_t SoftMaxHeapSize                          = 2147483648                             {manageable} {ergonomic}
     bool UseCompressedClassPointers               = true                           {product lp64_product} {ergonomic}
     bool UseCompressedOops                        = true                           {product lp64_product} {ergonomic}
     bool UseG1GC                                  = true                                      {product} {ergonomic}
     bool UseLargePagesIndividualAllocation        = false                                  {pd product} {ergonomic}

Logging:
Log output configuration:
 #0: stdout all=warning uptime,level,tags
 #1: stderr all=off uptime,level,tags

Environment Variables:
JAVA_HOME=C:\Program Files\Microsoft\jdk-17.0.13.11-hotspot
CLASSPATH=D:\JS_TS_Node\MY_PROJECTS\travel_trips\travel-mobile\android\\gradle\wrapper\gradle-wrapper.jar
PATH=D:\JS_TS_Node\MY_PROJECTS\travel_trips\travel-mobile\node_modules\.bin;D:\JS_TS_Node\MY_PROJECTS\travel_trips\travel-mobile\node_modules\.bin;D:\JS_TS_Node\MY_PROJECTS\travel_trips\node_modules\.bin;D:\JS_TS_Node\MY_PROJECTS\node_modules\.bin;D:\JS_TS_Node\node_modules\.bin;D:\node_modules\.bin;C:\Users\Bullet\AppData\Roaming\npm\node_modules\npm\node_modules\@npmcli\run-script\lib\node-gyp-bin;C:\Program Files\Microsoft\jdk-17.0.13.11-hotspot\bin;C:\Windows\system32;C:\Windows;C:\Windows\System32\Wbem;C:\Windows\System32\WindowsPowerShell\v1.0\;C:\Windows\System32\OpenSSH\;C:\Program Files (x86)\NVIDIA Corporation\PhysX\Common;C:\WINDOWS\system32;C:\WINDOWS;C:\WINDOWS\System32\Wbem;C:\WINDOWS\System32\WindowsPowerShell\v1.0\;C:\WINDOWS\System32\OpenSSH\;C:\Program Files\Git\cmd;C:\Program Files (x86)\dotnet\;C:\ProgramData\chocolatey\bin;C:\Program Files\dotnet\;C:\Program Files\nodejs\;C:\Program Files\Cloudflare\Cloudflare WARP\;C:\Program Files\RabbitMQ Server\rabbitmq_server-4.0.5;C:\Users\Bullet\AppData\Local\Programs\Python\Python312\Scripts\;C:\Users\Bullet\AppData\Local\Programs\Python\Python312\;D:\System\Android\Sdk\platform-tools;D:\System\Android\Sdk\tools;C:\Users\Bullet\AppData\Local\Microsoft\WindowsApps;C:\Users\Bullet\AppData\Local\Programs\Microsoft VS Code\bin;C:\Users\Bullet\AppData\Local\gitkraken\bin;C:\Users\Bullet\AppData\Local\Microsoft\WindowsApps;C:\Users\Bullet\AppData\Local\GitHubDesktop\bin;C:\Users\Bullet\AppData\Roaming\npm
USERNAME=Bullet
LANG=en_US.UTF-8
OS=Windows_NT
PROCESSOR_IDENTIFIER=Intel64 Family 6 Model 158 Stepping 10, GenuineIntel
TMP=C:\Users\Bullet\AppData\Local\Temp
TEMP=C:\Users\Bullet\AppData\Local\Temp



Periodic native trim disabled


---------------  S Y S T E M  ---------------

OS:
 Windows 11 , 64 bit Build 26100 (10.0.26100.3037)
OS uptime: 2 days 21:36 hours
Hyper-V role detected

CPU: total 8 (initial active 8) (4 cores per cpu, 2 threads per core) family 6 model 158 stepping 10 microcode 0xde, cx8, cmov, fxsr, ht, mmx, 3dnowpref, sse, sse2, sse3, ssse3, sse4.1, sse4.2, popcnt, lzcnt, tsc, tscinvbit, avx, avx2, aes, erms, clmul, bmi1, bmi2, adx, fma, vzeroupper, clflush, clflushopt, hv
Processor Information for processor 0
  Max Mhz: 2304, Current Mhz: 2304, Mhz Limit: 2304
Processor Information for processor 1
  Max Mhz: 2304, Current Mhz: 2304, Mhz Limit: 2304
Processor Information for processor 2
  Max Mhz: 2304, Current Mhz: 2304, Mhz Limit: 2304
Processor Information for processor 3
  Max Mhz: 2304, Current Mhz: 2304, Mhz Limit: 2304
Processor Information for processor 4
  Max Mhz: 2304, Current Mhz: 2304, Mhz Limit: 2304
Processor Information for processor 5
  Max Mhz: 2304, Current Mhz: 1502, Mhz Limit: 2304
Processor Information for processor 6
  Max Mhz: 2304, Current Mhz: 2304, Mhz Limit: 2304
Processor Information for processor 7
  Max Mhz: 2304, Current Mhz: 1502, Mhz Limit: 2304

Memory: 4k page, system-wide physical 16226M (3167M free)
TotalPageFile size 23226M (AvailPageFile size 3M)
current process WorkingSet (physical memory assigned to process): 421M, peak: 422M
current process commit charge ("private bytes"): 470M, peak: 472M

vm_info: OpenJDK 64-Bit Server VM (17.0.13+11-LTS) for windows-amd64 JRE (17.0.13+11-LTS), built on Oct 11 2024 23:25:05 by "MicrosoftCorporation" with unknown MS VC++:1939

END.
